06-Dec-20 10:06:13:INFO:********************************************
06-Dec-20 10:06:13:INFO:Starting Gmail email script...
06-Dec-20 10:06:13:INFO:Token found.
06-Dec-20 10:06:18:WARNING:file_cache is unavailable when using oauth2client >= 4.0.0 or google-auth
Traceback (most recent call last):
  File "/usr/local/lib/python3.8/site-packages/googleapiclient/discovery_cache/file_cache.py", line 33, in <module>
    from oauth2client.contrib.locked_file import LockedFile
ModuleNotFoundError: No module named 'oauth2client.contrib.locked_file'

During handling of the above exception, another exception occurred:

Traceback (most recent call last):
  File "/usr/local/lib/python3.8/site-packages/googleapiclient/discovery_cache/file_cache.py", line 37, in <module>
    from oauth2client.locked_file import LockedFile
ModuleNotFoundError: No module named 'oauth2client.locked_file'

During handling of the above exception, another exception occurred:

Traceback (most recent call last):
  File "/usr/local/lib/python3.8/site-packages/googleapiclient/discovery_cache/__init__.py", line 44, in autodetect
    from . import file_cache
  File "/usr/local/lib/python3.8/site-packages/googleapiclient/discovery_cache/file_cache.py", line 40, in <module>
    raise ImportError(
ImportError: file_cache is unavailable when using oauth2client >= 4.0.0 or google-auth
06-Dec-20 10:06:18:INFO:Using sender as: David Sim<dsim4205@tcusd.net>
06-Dec-20 10:06:18:INFO:Max rows is: 22and max column is: 4
06-Dec-20 10:06:18:INFO:Starting on email for: Hailey
06-Dec-20 10:06:19:INFO:     Draft saved to Google's servers with id: r7037117647847249016
06-Dec-20 10:06:19:INFO:     Draft id: r7037117647847249016 has been sent to hau3725@tcusd.net successfully!
06-Dec-20 10:06:19:INFO:Email for Hailey has been successfully sent to hau3725@tcusd.net!
06-Dec-20 10:06:19:INFO:#####
06-Dec-20 10:06:19:INFO:Sending email to: Hailey with the address: hau3725@tcusd.net
06-Dec-20 10:06:19:INFO:With body content:
Dear Hailey,

Great work finishing another week of school! Only two more to go before winter break!
As a reminder, we will be having our third Therapy Dog Club meeting tomorrow, Monday, Dec 7th, at 1 PM. We will be talking all about the stars of our program: Cabby and Lexie!

Topic: Savay Lieu's Personal Meeting Room
Join Zoom Meeting
https://us02web.zoom.us/j/4749421865?pwd=N3h2T1VtK2ZYWTY5dGpISnE5VFBRQT09

Meeting ID: 474 942 1865
Passcode: 1rypWN

Thank you for being apart of Therapy Dog Club. We'll see you there!

David Sim 
President - Therapy Dog Club

06-Dec-20 10:06:20:INFO:Starting on email for: Adrian
06-Dec-20 10:06:21:INFO:     Draft saved to Google's servers with id: r9109724429073094276
06-Dec-20 10:06:21:INFO:     Draft id: r9109724429073094276 has been sent to cchow3786@tcusd.net successfully!
06-Dec-20 10:06:21:INFO:Email for Adrian has been successfully sent to cchow3786@tcusd.net!
06-Dec-20 10:06:21:INFO:#####
06-Dec-20 10:06:21:INFO:Sending email to: Adrian with the address: cchow3786@tcusd.net
06-Dec-20 10:06:21:INFO:With body content:
Dear Adrian,

Great work finishing another week of school! Only two more to go before winter break!
As a reminder, we will be having our third Therapy Dog Club meeting tomorrow, Monday, Dec 7th, at 1 PM. We will be talking all about the stars of our program: Cabby and Lexie!

Topic: Savay Lieu's Personal Meeting Room
Join Zoom Meeting
https://us02web.zoom.us/j/4749421865?pwd=N3h2T1VtK2ZYWTY5dGpISnE5VFBRQT09

Meeting ID: 474 942 1865
Passcode: 1rypWN

Thank you for being apart of Therapy Dog Club. We'll see you there!

David Sim 
President - Therapy Dog Club

06-Dec-20 10:06:22:INFO:Starting on email for: My Cat
06-Dec-20 10:06:23:INFO:     Draft saved to Google's servers with id: r-7464484859911726347
06-Dec-20 10:06:23:INFO:     Draft id: r-7464484859911726347 has been sent to MDuong0107@tcusd.net successfully!
06-Dec-20 10:06:23:INFO:Email for My Cat has been successfully sent to MDuong0107@tcusd.net!
06-Dec-20 10:06:23:INFO:#####
06-Dec-20 10:06:23:INFO:Sending email to: My Cat with the address: MDuong0107@tcusd.net
06-Dec-20 10:06:23:INFO:With body content:
Dear My Cat,

Great work finishing another week of school! Only two more to go before winter break!
As a reminder, we will be having our third Therapy Dog Club meeting tomorrow, Monday, Dec 7th, at 1 PM. We will be talking all about the stars of our program: Cabby and Lexie!

Topic: Savay Lieu's Personal Meeting Room
Join Zoom Meeting
https://us02web.zoom.us/j/4749421865?pwd=N3h2T1VtK2ZYWTY5dGpISnE5VFBRQT09

Meeting ID: 474 942 1865
Passcode: 1rypWN

Thank you for being apart of Therapy Dog Club. We'll see you there!

David Sim 
President - Therapy Dog Club

06-Dec-20 10:06:24:INFO:Starting on email for: Kaylee
06-Dec-20 10:06:25:INFO:     Draft saved to Google's servers with id: r-2037200914505009508
06-Dec-20 10:06:25:INFO:     Draft id: r-2037200914505009508 has been sent to keiber4542@tcusd.net successfully!
06-Dec-20 10:06:25:INFO:Email for Kaylee has been successfully sent to keiber4542@tcusd.net!
06-Dec-20 10:06:25:INFO:#####
06-Dec-20 10:06:25:INFO:Sending email to: Kaylee with the address: keiber4542@tcusd.net
06-Dec-20 10:06:25:INFO:With body content:
Dear Kaylee,

Great work finishing another week of school! Only two more to go before winter break!
As a reminder, we will be having our third Therapy Dog Club meeting tomorrow, Monday, Dec 7th, at 1 PM. We will be talking all about the stars of our program: Cabby and Lexie!

Topic: Savay Lieu's Personal Meeting Room
Join Zoom Meeting
https://us02web.zoom.us/j/4749421865?pwd=N3h2T1VtK2ZYWTY5dGpISnE5VFBRQT09

Meeting ID: 474 942 1865
Passcode: 1rypWN

Thank you for being apart of Therapy Dog Club. We'll see you there!

David Sim 
President - Therapy Dog Club

06-Dec-20 10:06:26:INFO:Starting on email for: Stephanie
06-Dec-20 10:06:27:INFO:     Draft saved to Google's servers with id: r-4848408567741659321
06-Dec-20 10:06:27:INFO:     Draft id: r-4848408567741659321 has been sent to xhu2863@tcusd.net successfully!
06-Dec-20 10:06:27:INFO:Email for Stephanie has been successfully sent to xhu2863@tcusd.net!
06-Dec-20 10:06:27:INFO:#####
06-Dec-20 10:06:27:INFO:Sending email to: Stephanie with the address: xhu2863@tcusd.net
06-Dec-20 10:06:27:INFO:With body content:
Dear Stephanie,

Great work finishing another week of school! Only two more to go before winter break!
As a reminder, we will be having our third Therapy Dog Club meeting tomorrow, Monday, Dec 7th, at 1 PM. We will be talking all about the stars of our program: Cabby and Lexie!

Topic: Savay Lieu's Personal Meeting Room
Join Zoom Meeting
https://us02web.zoom.us/j/4749421865?pwd=N3h2T1VtK2ZYWTY5dGpISnE5VFBRQT09

Meeting ID: 474 942 1865
Passcode: 1rypWN

Thank you for being apart of Therapy Dog Club. We'll see you there!

David Sim 
President - Therapy Dog Club

06-Dec-20 10:06:28:INFO:Starting on email for: Jonathan
06-Dec-20 10:06:29:INFO:     Draft saved to Google's servers with id: r-1036197193815996977
06-Dec-20 10:06:29:INFO:     Draft id: r-1036197193815996977 has been sent to jlee4933@tcusd.net successfully!
06-Dec-20 10:06:29:INFO:Email for Jonathan has been successfully sent to jlee4933@tcusd.net!
06-Dec-20 10:06:29:INFO:#####
06-Dec-20 10:06:29:INFO:Sending email to: Jonathan with the address: jlee4933@tcusd.net
06-Dec-20 10:06:29:INFO:With body content:
Dear Jonathan,

Great work finishing another week of school! Only two more to go before winter break!
As a reminder, we will be having our third Therapy Dog Club meeting tomorrow, Monday, Dec 7th, at 1 PM. We will be talking all about the stars of our program: Cabby and Lexie!

Topic: Savay Lieu's Personal Meeting Room
Join Zoom Meeting
https://us02web.zoom.us/j/4749421865?pwd=N3h2T1VtK2ZYWTY5dGpISnE5VFBRQT09

Meeting ID: 474 942 1865
Passcode: 1rypWN

Thank you for being apart of Therapy Dog Club. We'll see you there!

David Sim 
President - Therapy Dog Club

06-Dec-20 10:06:30:INFO:Starting on email for: Jason
06-Dec-20 10:06:31:INFO:     Draft saved to Google's servers with id: r9206837293915515781
06-Dec-20 10:06:31:INFO:     Draft id: r9206837293915515781 has been sent to jlee3440@tcusd.net successfully!
06-Dec-20 10:06:31:INFO:Email for Jason has been successfully sent to jlee3440@tcusd.net!
06-Dec-20 10:06:31:INFO:#####
06-Dec-20 10:06:31:INFO:Sending email to: Jason with the address: jlee3440@tcusd.net
06-Dec-20 10:06:31:INFO:With body content:
Dear Jason,

Great work finishing another week of school! Only two more to go before winter break!
As a reminder, we will be having our third Therapy Dog Club meeting tomorrow, Monday, Dec 7th, at 1 PM. We will be talking all about the stars of our program: Cabby and Lexie!

Topic: Savay Lieu's Personal Meeting Room
Join Zoom Meeting
https://us02web.zoom.us/j/4749421865?pwd=N3h2T1VtK2ZYWTY5dGpISnE5VFBRQT09

Meeting ID: 474 942 1865
Passcode: 1rypWN

Thank you for being apart of Therapy Dog Club. We'll see you there!

David Sim 
President - Therapy Dog Club

06-Dec-20 10:06:32:INFO:Starting on email for: Vicky
06-Dec-20 10:06:32:INFO:     Draft saved to Google's servers with id: r823535778479117416
06-Dec-20 10:06:33:INFO:     Draft id: r823535778479117416 has been sent to wli4135@tcusd.net successfully!
06-Dec-20 10:06:33:INFO:Email for Vicky has been successfully sent to wli4135@tcusd.net!
06-Dec-20 10:06:33:INFO:#####
06-Dec-20 10:06:33:INFO:Sending email to: Vicky with the address: wli4135@tcusd.net
06-Dec-20 10:06:33:INFO:With body content:
Dear Vicky,

Great work finishing another week of school! Only two more to go before winter break!
As a reminder, we will be having our third Therapy Dog Club meeting tomorrow, Monday, Dec 7th, at 1 PM. We will be talking all about the stars of our program: Cabby and Lexie!

Topic: Savay Lieu's Personal Meeting Room
Join Zoom Meeting
https://us02web.zoom.us/j/4749421865?pwd=N3h2T1VtK2ZYWTY5dGpISnE5VFBRQT09

Meeting ID: 474 942 1865
Passcode: 1rypWN

Thank you for being apart of Therapy Dog Club. We'll see you there!

David Sim 
President - Therapy Dog Club

06-Dec-20 10:06:34:INFO:Starting on email for: Jasmine
06-Dec-20 10:06:34:INFO:     Draft saved to Google's servers with id: r6996085010798275024
06-Dec-20 10:06:35:INFO:     Draft id: r6996085010798275024 has been sent to jliu2788@tcusd.net successfully!
06-Dec-20 10:06:35:INFO:Email for Jasmine has been successfully sent to jliu2788@tcusd.net!
06-Dec-20 10:06:35:INFO:#####
06-Dec-20 10:06:35:INFO:Sending email to: Jasmine with the address: jliu2788@tcusd.net
06-Dec-20 10:06:35:INFO:With body content:
Dear Jasmine,

Great work finishing another week of school! Only two more to go before winter break!
As a reminder, we will be having our third Therapy Dog Club meeting tomorrow, Monday, Dec 7th, at 1 PM. We will be talking all about the stars of our program: Cabby and Lexie!

Topic: Savay Lieu's Personal Meeting Room
Join Zoom Meeting
https://us02web.zoom.us/j/4749421865?pwd=N3h2T1VtK2ZYWTY5dGpISnE5VFBRQT09

Meeting ID: 474 942 1865
Passcode: 1rypWN

Thank you for being apart of Therapy Dog Club. We'll see you there!

David Sim 
President - Therapy Dog Club

06-Dec-20 10:06:36:INFO:Starting on email for: Chloe
06-Dec-20 10:06:37:INFO:     Draft saved to Google's servers with id: r-2805968103961744024
06-Dec-20 10:06:37:INFO:     Draft id: r-2805968103961744024 has been sent to cluong3964@tcusd.net successfully!
06-Dec-20 10:06:37:INFO:Email for Chloe has been successfully sent to cluong3964@tcusd.net!
06-Dec-20 10:06:37:INFO:#####
06-Dec-20 10:06:37:INFO:Sending email to: Chloe with the address: cluong3964@tcusd.net
06-Dec-20 10:06:37:INFO:With body content:
Dear Chloe,

Great work finishing another week of school! Only two more to go before winter break!
As a reminder, we will be having our third Therapy Dog Club meeting tomorrow, Monday, Dec 7th, at 1 PM. We will be talking all about the stars of our program: Cabby and Lexie!

Topic: Savay Lieu's Personal Meeting Room
Join Zoom Meeting
https://us02web.zoom.us/j/4749421865?pwd=N3h2T1VtK2ZYWTY5dGpISnE5VFBRQT09

Meeting ID: 474 942 1865
Passcode: 1rypWN

Thank you for being apart of Therapy Dog Club. We'll see you there!

David Sim 
President - Therapy Dog Club

06-Dec-20 10:06:38:INFO:Starting on email for: Maria
06-Dec-20 10:06:39:INFO:     Draft saved to Google's servers with id: r17843557647139511
06-Dec-20 10:06:39:INFO:     Draft id: r17843557647139511 has been sent to moceguera0395@tcusd.net successfully!
06-Dec-20 10:06:39:INFO:Email for Maria has been successfully sent to moceguera0395@tcusd.net!
06-Dec-20 10:06:39:INFO:#####
06-Dec-20 10:06:39:INFO:Sending email to: Maria with the address: moceguera0395@tcusd.net
06-Dec-20 10:06:39:INFO:With body content:
Dear Maria,

Great work finishing another week of school! Only two more to go before winter break!
As a reminder, we will be having our third Therapy Dog Club meeting tomorrow, Monday, Dec 7th, at 1 PM. We will be talking all about the stars of our program: Cabby and Lexie!

Topic: Savay Lieu's Personal Meeting Room
Join Zoom Meeting
https://us02web.zoom.us/j/4749421865?pwd=N3h2T1VtK2ZYWTY5dGpISnE5VFBRQT09

Meeting ID: 474 942 1865
Passcode: 1rypWN

Thank you for being apart of Therapy Dog Club. We'll see you there!

David Sim 
President - Therapy Dog Club

06-Dec-20 10:06:40:INFO:Starting on email for: Shanon
06-Dec-20 10:06:41:INFO:     Draft saved to Google's servers with id: r6042121385706235270
06-Dec-20 10:06:41:INFO:     Draft id: r6042121385706235270 has been sent to span4658@tcusd.net successfully!
06-Dec-20 10:06:41:INFO:Email for Shanon has been successfully sent to span4658@tcusd.net!
06-Dec-20 10:06:41:INFO:#####
06-Dec-20 10:06:41:INFO:Sending email to: Shanon with the address: span4658@tcusd.net
06-Dec-20 10:06:41:INFO:With body content:
Dear Shanon,

Great work finishing another week of school! Only two more to go before winter break!
As a reminder, we will be having our third Therapy Dog Club meeting tomorrow, Monday, Dec 7th, at 1 PM. We will be talking all about the stars of our program: Cabby and Lexie!

Topic: Savay Lieu's Personal Meeting Room
Join Zoom Meeting
https://us02web.zoom.us/j/4749421865?pwd=N3h2T1VtK2ZYWTY5dGpISnE5VFBRQT09

Meeting ID: 474 942 1865
Passcode: 1rypWN

Thank you for being apart of Therapy Dog Club. We'll see you there!

David Sim 
President - Therapy Dog Club

06-Dec-20 10:06:42:INFO:Starting on email for: Allison
06-Dec-20 10:06:43:INFO:     Draft saved to Google's servers with id: r5340709288189257181
06-Dec-20 10:06:43:INFO:     Draft id: r5340709288189257181 has been sent to apan3320@tcusd.net successfully!
06-Dec-20 10:06:43:INFO:Email for Allison has been successfully sent to apan3320@tcusd.net!
06-Dec-20 10:06:43:INFO:#####
06-Dec-20 10:06:43:INFO:Sending email to: Allison with the address: apan3320@tcusd.net
06-Dec-20 10:06:43:INFO:With body content:
Dear Allison,

Great work finishing another week of school! Only two more to go before winter break!
As a reminder, we will be having our third Therapy Dog Club meeting tomorrow, Monday, Dec 7th, at 1 PM. We will be talking all about the stars of our program: Cabby and Lexie!

Topic: Savay Lieu's Personal Meeting Room
Join Zoom Meeting
https://us02web.zoom.us/j/4749421865?pwd=N3h2T1VtK2ZYWTY5dGpISnE5VFBRQT09

Meeting ID: 474 942 1865
Passcode: 1rypWN

Thank you for being apart of Therapy Dog Club. We'll see you there!

David Sim 
President - Therapy Dog Club

06-Dec-20 10:06:44:INFO:Starting on email for: Kelly
06-Dec-20 10:06:45:INFO:     Draft saved to Google's servers with id: r1093154384101758583
06-Dec-20 10:06:45:INFO:     Draft id: r1093154384101758583 has been sent to kpoplar3228@tcusd.net successfully!
06-Dec-20 10:06:45:INFO:Email for Kelly has been successfully sent to kpoplar3228@tcusd.net!
06-Dec-20 10:06:45:INFO:#####
06-Dec-20 10:06:45:INFO:Sending email to: Kelly with the address: kpoplar3228@tcusd.net
06-Dec-20 10:06:45:INFO:With body content:
Dear Kelly,

Great work finishing another week of school! Only two more to go before winter break!
As a reminder, we will be having our third Therapy Dog Club meeting tomorrow, Monday, Dec 7th, at 1 PM. We will be talking all about the stars of our program: Cabby and Lexie!

Topic: Savay Lieu's Personal Meeting Room
Join Zoom Meeting
https://us02web.zoom.us/j/4749421865?pwd=N3h2T1VtK2ZYWTY5dGpISnE5VFBRQT09

Meeting ID: 474 942 1865
Passcode: 1rypWN

Thank you for being apart of Therapy Dog Club. We'll see you there!

David Sim 
President - Therapy Dog Club

06-Dec-20 10:06:46:INFO:Starting on email for: Jaden
06-Dec-20 10:06:46:INFO:     Draft saved to Google's servers with id: r7362197513766742233
06-Dec-20 10:06:47:INFO:     Draft id: r7362197513766742233 has been sent to jqueron3535@tcusd.net successfully!
06-Dec-20 10:06:47:INFO:Email for Jaden has been successfully sent to jqueron3535@tcusd.net!
06-Dec-20 10:06:47:INFO:#####
06-Dec-20 10:06:47:INFO:Sending email to: Jaden with the address: jqueron3535@tcusd.net
06-Dec-20 10:06:47:INFO:With body content:
Dear Jaden,

Great work finishing another week of school! Only two more to go before winter break!
As a reminder, we will be having our third Therapy Dog Club meeting tomorrow, Monday, Dec 7th, at 1 PM. We will be talking all about the stars of our program: Cabby and Lexie!

Topic: Savay Lieu's Personal Meeting Room
Join Zoom Meeting
https://us02web.zoom.us/j/4749421865?pwd=N3h2T1VtK2ZYWTY5dGpISnE5VFBRQT09

Meeting ID: 474 942 1865
Passcode: 1rypWN

Thank you for being apart of Therapy Dog Club. We'll see you there!

David Sim 
President - Therapy Dog Club

06-Dec-20 10:06:48:INFO:Starting on email for: Jacqueline 
06-Dec-20 10:06:48:INFO:     Draft saved to Google's servers with id: r-8006131743720945041
06-Dec-20 10:06:49:INFO:     Draft id: r-8006131743720945041 has been sent to jreyes1686@tcusd.net successfully!
06-Dec-20 10:06:49:INFO:Email for Jacqueline  has been successfully sent to jreyes1686@tcusd.net!
06-Dec-20 10:06:49:INFO:#####
06-Dec-20 10:06:49:INFO:Sending email to: Jacqueline  with the address: jreyes1686@tcusd.net
06-Dec-20 10:06:49:INFO:With body content:
Dear Jacqueline ,

Great work finishing another week of school! Only two more to go before winter break!
As a reminder, we will be having our third Therapy Dog Club meeting tomorrow, Monday, Dec 7th, at 1 PM. We will be talking all about the stars of our program: Cabby and Lexie!

Topic: Savay Lieu's Personal Meeting Room
Join Zoom Meeting
https://us02web.zoom.us/j/4749421865?pwd=N3h2T1VtK2ZYWTY5dGpISnE5VFBRQT09

Meeting ID: 474 942 1865
Passcode: 1rypWN

Thank you for being apart of Therapy Dog Club. We'll see you there!

David Sim 
President - Therapy Dog Club

06-Dec-20 10:06:50:INFO:Starting on email for: Armita
06-Dec-20 10:06:50:INFO:     Draft saved to Google's servers with id: r-8223737770376148899
06-Dec-20 10:06:51:INFO:     Draft id: r-8223737770376148899 has been sent to ashadfar3564@tcusd.net successfully!
06-Dec-20 10:06:51:INFO:Email for Armita has been successfully sent to ashadfar3564@tcusd.net!
06-Dec-20 10:06:51:INFO:#####
06-Dec-20 10:06:51:INFO:Sending email to: Armita with the address: ashadfar3564@tcusd.net
06-Dec-20 10:06:51:INFO:With body content:
Dear Armita,

Great work finishing another week of school! Only two more to go before winter break!
As a reminder, we will be having our third Therapy Dog Club meeting tomorrow, Monday, Dec 7th, at 1 PM. We will be talking all about the stars of our program: Cabby and Lexie!

Topic: Savay Lieu's Personal Meeting Room
Join Zoom Meeting
https://us02web.zoom.us/j/4749421865?pwd=N3h2T1VtK2ZYWTY5dGpISnE5VFBRQT09

Meeting ID: 474 942 1865
Passcode: 1rypWN

Thank you for being apart of Therapy Dog Club. We'll see you there!

David Sim 
President - Therapy Dog Club

06-Dec-20 10:06:52:INFO:Starting on email for: Suraj
06-Dec-20 10:06:52:INFO:     Draft saved to Google's servers with id: r-2450371595169506330
06-Dec-20 10:06:53:INFO:     Draft id: r-2450371595169506330 has been sent to sshah4312@tcusd.net successfully!
06-Dec-20 10:06:53:INFO:Email for Suraj has been successfully sent to sshah4312@tcusd.net!
06-Dec-20 10:06:53:INFO:#####
06-Dec-20 10:06:53:INFO:Sending email to: Suraj with the address: sshah4312@tcusd.net
06-Dec-20 10:06:53:INFO:With body content:
Dear Suraj,

Great work finishing another week of school! Only two more to go before winter break!
As a reminder, we will be having our third Therapy Dog Club meeting tomorrow, Monday, Dec 7th, at 1 PM. We will be talking all about the stars of our program: Cabby and Lexie!

Topic: Savay Lieu's Personal Meeting Room
Join Zoom Meeting
https://us02web.zoom.us/j/4749421865?pwd=N3h2T1VtK2ZYWTY5dGpISnE5VFBRQT09

Meeting ID: 474 942 1865
Passcode: 1rypWN

Thank you for being apart of Therapy Dog Club. We'll see you there!

David Sim 
President - Therapy Dog Club

06-Dec-20 10:06:54:INFO:Starting on email for: Ashley
06-Dec-20 10:06:54:INFO:     Draft saved to Google's servers with id: r5919031322997462937
06-Dec-20 10:06:55:INFO:     Draft id: r5919031322997462937 has been sent to atran3552@tcusd.net  successfully!
06-Dec-20 10:06:55:INFO:Email for Ashley has been successfully sent to atran3552@tcusd.net !
06-Dec-20 10:06:55:INFO:#####
06-Dec-20 10:06:55:INFO:Sending email to: Ashley with the address: atran3552@tcusd.net 
06-Dec-20 10:06:55:INFO:With body content:
Dear Ashley,

Great work finishing another week of school! Only two more to go before winter break!
As a reminder, we will be having our third Therapy Dog Club meeting tomorrow, Monday, Dec 7th, at 1 PM. We will be talking all about the stars of our program: Cabby and Lexie!

Topic: Savay Lieu's Personal Meeting Room
Join Zoom Meeting
https://us02web.zoom.us/j/4749421865?pwd=N3h2T1VtK2ZYWTY5dGpISnE5VFBRQT09

Meeting ID: 474 942 1865
Passcode: 1rypWN

Thank you for being apart of Therapy Dog Club. We'll see you there!

David Sim 
President - Therapy Dog Club

06-Dec-20 10:06:56:INFO:Starting on email for: Lauren
06-Dec-20 10:06:56:INFO:     Draft saved to Google's servers with id: r-7270548332928528993
06-Dec-20 10:06:57:INFO:     Draft id: r-7270548332928528993 has been sent to lyoder2789@tcusd.net successfully!
06-Dec-20 10:06:57:INFO:Email for Lauren has been successfully sent to lyoder2789@tcusd.net!
06-Dec-20 10:06:57:INFO:#####
06-Dec-20 10:06:57:INFO:Sending email to: Lauren with the address: lyoder2789@tcusd.net
06-Dec-20 10:06:57:INFO:With body content:
Dear Lauren,

Great work finishing another week of school! Only two more to go before winter break!
As a reminder, we will be having our third Therapy Dog Club meeting tomorrow, Monday, Dec 7th, at 1 PM. We will be talking all about the stars of our program: Cabby and Lexie!

Topic: Savay Lieu's Personal Meeting Room
Join Zoom Meeting
https://us02web.zoom.us/j/4749421865?pwd=N3h2T1VtK2ZYWTY5dGpISnE5VFBRQT09

Meeting ID: 474 942 1865
Passcode: 1rypWN

Thank you for being apart of Therapy Dog Club. We'll see you there!

David Sim 
President - Therapy Dog Club

06-Dec-20 10:06:58:INFO:Starting on email for: Anne
06-Dec-20 10:06:58:INFO:     Draft saved to Google's servers with id: r-7745577735918566943
06-Dec-20 10:06:58:INFO:     Draft id: r-7745577735918566943 has been sent to dzhu3885@tcusd.net successfully!
06-Dec-20 10:06:58:INFO:Email for Anne has been successfully sent to dzhu3885@tcusd.net!
06-Dec-20 10:06:58:INFO:#####
06-Dec-20 10:06:58:INFO:Sending email to: Anne with the address: dzhu3885@tcusd.net
06-Dec-20 10:06:58:INFO:With body content:
Dear Anne,

Great work finishing another week of school! Only two more to go before winter break!
As a reminder, we will be having our third Therapy Dog Club meeting tomorrow, Monday, Dec 7th, at 1 PM. We will be talking all about the stars of our program: Cabby and Lexie!

Topic: Savay Lieu's Personal Meeting Room
Join Zoom Meeting
https://us02web.zoom.us/j/4749421865?pwd=N3h2T1VtK2ZYWTY5dGpISnE5VFBRQT09

Meeting ID: 474 942 1865
Passcode: 1rypWN

Thank you for being apart of Therapy Dog Club. We'll see you there!

David Sim 
President - Therapy Dog Club

06-Dec-20 10:06:59:INFO:List has been cycled through. Exiting...
