15-Apr-21 08:54:21:INFO:********************************************
15-Apr-21 08:54:21:INFO:Starting Gmail email script...
15-Apr-21 08:54:21:INFO:Token found.
15-Apr-21 08:54:26:WARNING:file_cache is unavailable when using oauth2client >= 4.0.0 or google-auth
Traceback (most recent call last):
  File "/usr/local/lib/python3.8/site-packages/googleapiclient/discovery_cache/file_cache.py", line 33, in <module>
    from oauth2client.contrib.locked_file import LockedFile
ModuleNotFoundError: No module named 'oauth2client.contrib.locked_file'

During handling of the above exception, another exception occurred:

Traceback (most recent call last):
  File "/usr/local/lib/python3.8/site-packages/googleapiclient/discovery_cache/file_cache.py", line 37, in <module>
    from oauth2client.locked_file import LockedFile
ModuleNotFoundError: No module named 'oauth2client.locked_file'

During handling of the above exception, another exception occurred:

Traceback (most recent call last):
  File "/usr/local/lib/python3.8/site-packages/googleapiclient/discovery_cache/__init__.py", line 44, in autodetect
    from . import file_cache
  File "/usr/local/lib/python3.8/site-packages/googleapiclient/discovery_cache/file_cache.py", line 40, in <module>
    raise ImportError(
ImportError: file_cache is unavailable when using oauth2client >= 4.0.0 or google-auth
15-Apr-21 08:54:27:INFO:Using sender as: David Sim<dsim4205@tcusd.net>
15-Apr-21 08:54:27:INFO:Max rows is: 23and max column is: 4
15-Apr-21 08:54:27:INFO:Starting on email for: Hailey
15-Apr-21 08:54:28:INFO:     Draft saved to Google's servers with id: r-6507689146404417219
15-Apr-21 08:54:28:INFO:Email for Hailey has been successfully sent to hau3725@tcusd.net!
15-Apr-21 08:54:28:INFO:#####
15-Apr-21 08:54:28:INFO:Sending email to: Hailey with the address: hau3725@tcusd.net
15-Apr-21 08:54:28:INFO:With body content:
Dear Hailey,
 
This is a reminder to join us next week for our next Therapy Dog Meeting. We will be looking at how Therapy Animal intergrate with education.

The meeting will be next Monday, Apr 19, 2021, at 1:00 PM.

Topic: Savay Lieu's Personal Meeting Room
Join Zoom Meeting
https://us02web.zoom.us/j/4749421865?pwd=N3h2T1VtK2ZYWTY5dGpISnE5VFBRQT09

Meeting ID: 474 942 1865
Passcode: 1rypWN

Thank you for being apart of Therapy Dog Club. We'll see you there!

David Sim 
President - Therapy Dog Club

15-Apr-21 08:54:29:INFO:Starting on email for: Adrian
15-Apr-21 08:54:29:INFO:     Draft saved to Google's servers with id: r8399880910053512531
15-Apr-21 08:54:29:INFO:Email for Adrian has been successfully sent to cchow3786@tcusd.net!
15-Apr-21 08:54:29:INFO:#####
15-Apr-21 08:54:29:INFO:Sending email to: Adrian with the address: cchow3786@tcusd.net
15-Apr-21 08:54:29:INFO:With body content:
Dear Adrian,
 
This is a reminder to join us next week for our next Therapy Dog Meeting. We will be looking at how Therapy Animal intergrate with education.

The meeting will be next Monday, Apr 19, 2021, at 1:00 PM.

Topic: Savay Lieu's Personal Meeting Room
Join Zoom Meeting
https://us02web.zoom.us/j/4749421865?pwd=N3h2T1VtK2ZYWTY5dGpISnE5VFBRQT09

Meeting ID: 474 942 1865
Passcode: 1rypWN

Thank you for being apart of Therapy Dog Club. We'll see you there!

David Sim 
President - Therapy Dog Club

15-Apr-21 08:54:30:INFO:Starting on email for: My Cat
15-Apr-21 08:54:31:INFO:     Draft saved to Google's servers with id: r-3511772778832272007
15-Apr-21 08:54:31:INFO:Email for My Cat has been successfully sent to MDuong0107@tcusd.net!
15-Apr-21 08:54:31:INFO:#####
15-Apr-21 08:54:31:INFO:Sending email to: My Cat with the address: MDuong0107@tcusd.net
15-Apr-21 08:54:31:INFO:With body content:
Dear My Cat,
 
This is a reminder to join us next week for our next Therapy Dog Meeting. We will be looking at how Therapy Animal intergrate with education.

The meeting will be next Monday, Apr 19, 2021, at 1:00 PM.

Topic: Savay Lieu's Personal Meeting Room
Join Zoom Meeting
https://us02web.zoom.us/j/4749421865?pwd=N3h2T1VtK2ZYWTY5dGpISnE5VFBRQT09

Meeting ID: 474 942 1865
Passcode: 1rypWN

Thank you for being apart of Therapy Dog Club. We'll see you there!

David Sim 
President - Therapy Dog Club

15-Apr-21 08:54:32:INFO:Starting on email for: Kaylee
15-Apr-21 08:54:32:INFO:     Draft saved to Google's servers with id: r288269336101265022
15-Apr-21 08:54:32:INFO:Email for Kaylee has been successfully sent to keiber4542@tcusd.net!
15-Apr-21 08:54:32:INFO:#####
15-Apr-21 08:54:32:INFO:Sending email to: Kaylee with the address: keiber4542@tcusd.net
15-Apr-21 08:54:32:INFO:With body content:
Dear Kaylee,
 
This is a reminder to join us next week for our next Therapy Dog Meeting. We will be looking at how Therapy Animal intergrate with education.

The meeting will be next Monday, Apr 19, 2021, at 1:00 PM.

Topic: Savay Lieu's Personal Meeting Room
Join Zoom Meeting
https://us02web.zoom.us/j/4749421865?pwd=N3h2T1VtK2ZYWTY5dGpISnE5VFBRQT09

Meeting ID: 474 942 1865
Passcode: 1rypWN

Thank you for being apart of Therapy Dog Club. We'll see you there!

David Sim 
President - Therapy Dog Club

15-Apr-21 08:54:33:INFO:Starting on email for: Stephanie
15-Apr-21 08:54:34:INFO:     Draft saved to Google's servers with id: r-1028523122269391805
15-Apr-21 08:54:34:INFO:Email for Stephanie has been successfully sent to xhu2863@tcusd.net!
15-Apr-21 08:54:34:INFO:#####
15-Apr-21 08:54:34:INFO:Sending email to: Stephanie with the address: xhu2863@tcusd.net
15-Apr-21 08:54:34:INFO:With body content:
Dear Stephanie,
 
This is a reminder to join us next week for our next Therapy Dog Meeting. We will be looking at how Therapy Animal intergrate with education.

The meeting will be next Monday, Apr 19, 2021, at 1:00 PM.

Topic: Savay Lieu's Personal Meeting Room
Join Zoom Meeting
https://us02web.zoom.us/j/4749421865?pwd=N3h2T1VtK2ZYWTY5dGpISnE5VFBRQT09

Meeting ID: 474 942 1865
Passcode: 1rypWN

Thank you for being apart of Therapy Dog Club. We'll see you there!

David Sim 
President - Therapy Dog Club

15-Apr-21 08:54:35:INFO:Starting on email for: Jonathan
15-Apr-21 08:54:35:INFO:     Draft saved to Google's servers with id: r8514539655394379681
15-Apr-21 08:54:35:INFO:Email for Jonathan has been successfully sent to jlee4933@tcusd.net!
15-Apr-21 08:54:35:INFO:#####
15-Apr-21 08:54:35:INFO:Sending email to: Jonathan with the address: jlee4933@tcusd.net
15-Apr-21 08:54:35:INFO:With body content:
Dear Jonathan,
 
This is a reminder to join us next week for our next Therapy Dog Meeting. We will be looking at how Therapy Animal intergrate with education.

The meeting will be next Monday, Apr 19, 2021, at 1:00 PM.

Topic: Savay Lieu's Personal Meeting Room
Join Zoom Meeting
https://us02web.zoom.us/j/4749421865?pwd=N3h2T1VtK2ZYWTY5dGpISnE5VFBRQT09

Meeting ID: 474 942 1865
Passcode: 1rypWN

Thank you for being apart of Therapy Dog Club. We'll see you there!

David Sim 
President - Therapy Dog Club

15-Apr-21 08:54:36:INFO:Starting on email for: Jason
15-Apr-21 08:54:36:INFO:     Draft saved to Google's servers with id: r-4173183613153720386
15-Apr-21 08:54:36:INFO:Email for Jason has been successfully sent to jlee3440@tcusd.net!
15-Apr-21 08:54:36:INFO:#####
15-Apr-21 08:54:36:INFO:Sending email to: Jason with the address: jlee3440@tcusd.net
15-Apr-21 08:54:36:INFO:With body content:
Dear Jason,
 
This is a reminder to join us next week for our next Therapy Dog Meeting. We will be looking at how Therapy Animal intergrate with education.

The meeting will be next Monday, Apr 19, 2021, at 1:00 PM.

Topic: Savay Lieu's Personal Meeting Room
Join Zoom Meeting
https://us02web.zoom.us/j/4749421865?pwd=N3h2T1VtK2ZYWTY5dGpISnE5VFBRQT09

Meeting ID: 474 942 1865
Passcode: 1rypWN

Thank you for being apart of Therapy Dog Club. We'll see you there!

David Sim 
President - Therapy Dog Club

15-Apr-21 08:54:37:INFO:Starting on email for: Vicky
15-Apr-21 08:54:38:INFO:     Draft saved to Google's servers with id: r3136497858500437723
15-Apr-21 08:54:38:INFO:Email for Vicky has been successfully sent to wli4135@tcusd.net!
15-Apr-21 08:54:38:INFO:#####
15-Apr-21 08:54:38:INFO:Sending email to: Vicky with the address: wli4135@tcusd.net
15-Apr-21 08:54:38:INFO:With body content:
Dear Vicky,
 
This is a reminder to join us next week for our next Therapy Dog Meeting. We will be looking at how Therapy Animal intergrate with education.

The meeting will be next Monday, Apr 19, 2021, at 1:00 PM.

Topic: Savay Lieu's Personal Meeting Room
Join Zoom Meeting
https://us02web.zoom.us/j/4749421865?pwd=N3h2T1VtK2ZYWTY5dGpISnE5VFBRQT09

Meeting ID: 474 942 1865
Passcode: 1rypWN

Thank you for being apart of Therapy Dog Club. We'll see you there!

David Sim 
President - Therapy Dog Club

15-Apr-21 08:54:39:INFO:Starting on email for: Jasmine
15-Apr-21 08:54:39:INFO:     Draft saved to Google's servers with id: r-1778815451369600666
15-Apr-21 08:54:39:INFO:Email for Jasmine has been successfully sent to jliu2788@tcusd.net!
15-Apr-21 08:54:39:INFO:#####
15-Apr-21 08:54:39:INFO:Sending email to: Jasmine with the address: jliu2788@tcusd.net
15-Apr-21 08:54:39:INFO:With body content:
Dear Jasmine,
 
This is a reminder to join us next week for our next Therapy Dog Meeting. We will be looking at how Therapy Animal intergrate with education.

The meeting will be next Monday, Apr 19, 2021, at 1:00 PM.

Topic: Savay Lieu's Personal Meeting Room
Join Zoom Meeting
https://us02web.zoom.us/j/4749421865?pwd=N3h2T1VtK2ZYWTY5dGpISnE5VFBRQT09

Meeting ID: 474 942 1865
Passcode: 1rypWN

Thank you for being apart of Therapy Dog Club. We'll see you there!

David Sim 
President - Therapy Dog Club

15-Apr-21 08:54:40:INFO:Starting on email for: Chloe
15-Apr-21 08:54:41:INFO:     Draft saved to Google's servers with id: r562613993774092388
15-Apr-21 08:54:41:INFO:Email for Chloe has been successfully sent to cluong3964@tcusd.net!
15-Apr-21 08:54:41:INFO:#####
15-Apr-21 08:54:41:INFO:Sending email to: Chloe with the address: cluong3964@tcusd.net
15-Apr-21 08:54:41:INFO:With body content:
Dear Chloe,
 
This is a reminder to join us next week for our next Therapy Dog Meeting. We will be looking at how Therapy Animal intergrate with education.

The meeting will be next Monday, Apr 19, 2021, at 1:00 PM.

Topic: Savay Lieu's Personal Meeting Room
Join Zoom Meeting
https://us02web.zoom.us/j/4749421865?pwd=N3h2T1VtK2ZYWTY5dGpISnE5VFBRQT09

Meeting ID: 474 942 1865
Passcode: 1rypWN

Thank you for being apart of Therapy Dog Club. We'll see you there!

David Sim 
President - Therapy Dog Club

15-Apr-21 08:54:42:INFO:Starting on email for: Maria
15-Apr-21 08:54:42:INFO:     Draft saved to Google's servers with id: r-7183431212916840281
15-Apr-21 08:54:42:INFO:Email for Maria has been successfully sent to moceguera0395@tcusd.net!
15-Apr-21 08:54:42:INFO:#####
15-Apr-21 08:54:42:INFO:Sending email to: Maria with the address: moceguera0395@tcusd.net
15-Apr-21 08:54:42:INFO:With body content:
Dear Maria,
 
This is a reminder to join us next week for our next Therapy Dog Meeting. We will be looking at how Therapy Animal intergrate with education.

The meeting will be next Monday, Apr 19, 2021, at 1:00 PM.

Topic: Savay Lieu's Personal Meeting Room
Join Zoom Meeting
https://us02web.zoom.us/j/4749421865?pwd=N3h2T1VtK2ZYWTY5dGpISnE5VFBRQT09

Meeting ID: 474 942 1865
Passcode: 1rypWN

Thank you for being apart of Therapy Dog Club. We'll see you there!

David Sim 
President - Therapy Dog Club

15-Apr-21 08:54:43:INFO:Starting on email for: Shanon
15-Apr-21 08:54:44:INFO:     Draft saved to Google's servers with id: r-1686069346143753605
15-Apr-21 08:54:44:INFO:Email for Shanon has been successfully sent to span4658@tcusd.net!
15-Apr-21 08:54:44:INFO:#####
15-Apr-21 08:54:44:INFO:Sending email to: Shanon with the address: span4658@tcusd.net
15-Apr-21 08:54:44:INFO:With body content:
Dear Shanon,
 
This is a reminder to join us next week for our next Therapy Dog Meeting. We will be looking at how Therapy Animal intergrate with education.

The meeting will be next Monday, Apr 19, 2021, at 1:00 PM.

Topic: Savay Lieu's Personal Meeting Room
Join Zoom Meeting
https://us02web.zoom.us/j/4749421865?pwd=N3h2T1VtK2ZYWTY5dGpISnE5VFBRQT09

Meeting ID: 474 942 1865
Passcode: 1rypWN

Thank you for being apart of Therapy Dog Club. We'll see you there!

David Sim 
President - Therapy Dog Club

15-Apr-21 08:54:45:INFO:Starting on email for: Allison
15-Apr-21 08:54:45:INFO:     Draft saved to Google's servers with id: r-5273091209807617632
15-Apr-21 08:54:45:INFO:Email for Allison has been successfully sent to apan3320@tcusd.net!
15-Apr-21 08:54:45:INFO:#####
15-Apr-21 08:54:45:INFO:Sending email to: Allison with the address: apan3320@tcusd.net
15-Apr-21 08:54:45:INFO:With body content:
Dear Allison,
 
This is a reminder to join us next week for our next Therapy Dog Meeting. We will be looking at how Therapy Animal intergrate with education.

The meeting will be next Monday, Apr 19, 2021, at 1:00 PM.

Topic: Savay Lieu's Personal Meeting Room
Join Zoom Meeting
https://us02web.zoom.us/j/4749421865?pwd=N3h2T1VtK2ZYWTY5dGpISnE5VFBRQT09

Meeting ID: 474 942 1865
Passcode: 1rypWN

Thank you for being apart of Therapy Dog Club. We'll see you there!

David Sim 
President - Therapy Dog Club

15-Apr-21 08:54:46:INFO:Starting on email for: Kelly
15-Apr-21 08:54:47:INFO:     Draft saved to Google's servers with id: r2532183038893775824
15-Apr-21 08:54:47:INFO:Email for Kelly has been successfully sent to kpoplar3228@tcusd.net!
15-Apr-21 08:54:47:INFO:#####
15-Apr-21 08:54:47:INFO:Sending email to: Kelly with the address: kpoplar3228@tcusd.net
15-Apr-21 08:54:47:INFO:With body content:
Dear Kelly,
 
This is a reminder to join us next week for our next Therapy Dog Meeting. We will be looking at how Therapy Animal intergrate with education.

The meeting will be next Monday, Apr 19, 2021, at 1:00 PM.

Topic: Savay Lieu's Personal Meeting Room
Join Zoom Meeting
https://us02web.zoom.us/j/4749421865?pwd=N3h2T1VtK2ZYWTY5dGpISnE5VFBRQT09

Meeting ID: 474 942 1865
Passcode: 1rypWN

Thank you for being apart of Therapy Dog Club. We'll see you there!

David Sim 
President - Therapy Dog Club

15-Apr-21 08:54:48:INFO:Starting on email for: Jaden
15-Apr-21 08:54:48:INFO:     Draft saved to Google's servers with id: r-4061532583883985879
15-Apr-21 08:54:48:INFO:Email for Jaden has been successfully sent to jqueron3535@tcusd.net!
15-Apr-21 08:54:48:INFO:#####
15-Apr-21 08:54:48:INFO:Sending email to: Jaden with the address: jqueron3535@tcusd.net
15-Apr-21 08:54:48:INFO:With body content:
Dear Jaden,
 
This is a reminder to join us next week for our next Therapy Dog Meeting. We will be looking at how Therapy Animal intergrate with education.

The meeting will be next Monday, Apr 19, 2021, at 1:00 PM.

Topic: Savay Lieu's Personal Meeting Room
Join Zoom Meeting
https://us02web.zoom.us/j/4749421865?pwd=N3h2T1VtK2ZYWTY5dGpISnE5VFBRQT09

Meeting ID: 474 942 1865
Passcode: 1rypWN

Thank you for being apart of Therapy Dog Club. We'll see you there!

David Sim 
President - Therapy Dog Club

15-Apr-21 08:54:49:INFO:Starting on email for: Jacqueline 
15-Apr-21 08:54:50:INFO:     Draft saved to Google's servers with id: r1663609033236036646
15-Apr-21 08:54:50:INFO:Email for Jacqueline  has been successfully sent to jreyes1686@tcusd.net!
15-Apr-21 08:54:50:INFO:#####
15-Apr-21 08:54:50:INFO:Sending email to: Jacqueline  with the address: jreyes1686@tcusd.net
15-Apr-21 08:54:50:INFO:With body content:
Dear Jacqueline ,
 
This is a reminder to join us next week for our next Therapy Dog Meeting. We will be looking at how Therapy Animal intergrate with education.

The meeting will be next Monday, Apr 19, 2021, at 1:00 PM.

Topic: Savay Lieu's Personal Meeting Room
Join Zoom Meeting
https://us02web.zoom.us/j/4749421865?pwd=N3h2T1VtK2ZYWTY5dGpISnE5VFBRQT09

Meeting ID: 474 942 1865
Passcode: 1rypWN

Thank you for being apart of Therapy Dog Club. We'll see you there!

David Sim 
President - Therapy Dog Club

15-Apr-21 08:54:51:INFO:Starting on email for: Armita
15-Apr-21 08:54:51:INFO:     Draft saved to Google's servers with id: r-8351766507677657321
15-Apr-21 08:54:51:INFO:Email for Armita has been successfully sent to ashadfar3564@tcusd.net!
15-Apr-21 08:54:51:INFO:#####
15-Apr-21 08:54:51:INFO:Sending email to: Armita with the address: ashadfar3564@tcusd.net
15-Apr-21 08:54:51:INFO:With body content:
Dear Armita,
 
This is a reminder to join us next week for our next Therapy Dog Meeting. We will be looking at how Therapy Animal intergrate with education.

The meeting will be next Monday, Apr 19, 2021, at 1:00 PM.

Topic: Savay Lieu's Personal Meeting Room
Join Zoom Meeting
https://us02web.zoom.us/j/4749421865?pwd=N3h2T1VtK2ZYWTY5dGpISnE5VFBRQT09

Meeting ID: 474 942 1865
Passcode: 1rypWN

Thank you for being apart of Therapy Dog Club. We'll see you there!

David Sim 
President - Therapy Dog Club

15-Apr-21 08:54:52:INFO:Starting on email for: Suraj
15-Apr-21 08:54:53:INFO:     Draft saved to Google's servers with id: r-8536304858622301388
15-Apr-21 08:54:53:INFO:Email for Suraj has been successfully sent to sshah4312@tcusd.net!
15-Apr-21 08:54:53:INFO:#####
15-Apr-21 08:54:53:INFO:Sending email to: Suraj with the address: sshah4312@tcusd.net
15-Apr-21 08:54:53:INFO:With body content:
Dear Suraj,
 
This is a reminder to join us next week for our next Therapy Dog Meeting. We will be looking at how Therapy Animal intergrate with education.

The meeting will be next Monday, Apr 19, 2021, at 1:00 PM.

Topic: Savay Lieu's Personal Meeting Room
Join Zoom Meeting
https://us02web.zoom.us/j/4749421865?pwd=N3h2T1VtK2ZYWTY5dGpISnE5VFBRQT09

Meeting ID: 474 942 1865
Passcode: 1rypWN

Thank you for being apart of Therapy Dog Club. We'll see you there!

David Sim 
President - Therapy Dog Club

15-Apr-21 08:54:54:INFO:Starting on email for: Ashley
15-Apr-21 08:54:55:INFO:     Draft saved to Google's servers with id: r7547668546241680318
15-Apr-21 08:54:55:INFO:Email for Ashley has been successfully sent to atran3552@tcusd.net !
15-Apr-21 08:54:55:INFO:#####
15-Apr-21 08:54:55:INFO:Sending email to: Ashley with the address: atran3552@tcusd.net 
15-Apr-21 08:54:55:INFO:With body content:
Dear Ashley,
 
This is a reminder to join us next week for our next Therapy Dog Meeting. We will be looking at how Therapy Animal intergrate with education.

The meeting will be next Monday, Apr 19, 2021, at 1:00 PM.

Topic: Savay Lieu's Personal Meeting Room
Join Zoom Meeting
https://us02web.zoom.us/j/4749421865?pwd=N3h2T1VtK2ZYWTY5dGpISnE5VFBRQT09

Meeting ID: 474 942 1865
Passcode: 1rypWN

Thank you for being apart of Therapy Dog Club. We'll see you there!

David Sim 
President - Therapy Dog Club

15-Apr-21 08:54:56:INFO:Starting on email for: Lauren
15-Apr-21 08:54:56:INFO:     Draft saved to Google's servers with id: r786335215964320204
15-Apr-21 08:54:56:INFO:Email for Lauren has been successfully sent to lyoder2789@tcusd.net!
15-Apr-21 08:54:56:INFO:#####
15-Apr-21 08:54:56:INFO:Sending email to: Lauren with the address: lyoder2789@tcusd.net
15-Apr-21 08:54:56:INFO:With body content:
Dear Lauren,
 
This is a reminder to join us next week for our next Therapy Dog Meeting. We will be looking at how Therapy Animal intergrate with education.

The meeting will be next Monday, Apr 19, 2021, at 1:00 PM.

Topic: Savay Lieu's Personal Meeting Room
Join Zoom Meeting
https://us02web.zoom.us/j/4749421865?pwd=N3h2T1VtK2ZYWTY5dGpISnE5VFBRQT09

Meeting ID: 474 942 1865
Passcode: 1rypWN

Thank you for being apart of Therapy Dog Club. We'll see you there!

David Sim 
President - Therapy Dog Club

15-Apr-21 08:54:57:INFO:Starting on email for: Anne
15-Apr-21 08:54:58:INFO:     Draft saved to Google's servers with id: r7992397618503054775
15-Apr-21 08:54:58:INFO:Email for Anne has been successfully sent to dzhu3885@tcusd.net!
15-Apr-21 08:54:58:INFO:#####
15-Apr-21 08:54:58:INFO:Sending email to: Anne with the address: dzhu3885@tcusd.net
15-Apr-21 08:54:58:INFO:With body content:
Dear Anne,
 
This is a reminder to join us next week for our next Therapy Dog Meeting. We will be looking at how Therapy Animal intergrate with education.

The meeting will be next Monday, Apr 19, 2021, at 1:00 PM.

Topic: Savay Lieu's Personal Meeting Room
Join Zoom Meeting
https://us02web.zoom.us/j/4749421865?pwd=N3h2T1VtK2ZYWTY5dGpISnE5VFBRQT09

Meeting ID: 474 942 1865
Passcode: 1rypWN

Thank you for being apart of Therapy Dog Club. We'll see you there!

David Sim 
President - Therapy Dog Club

15-Apr-21 08:54:59:INFO:Starting on email for: Nicole
15-Apr-21 08:54:59:INFO:     Draft saved to Google's servers with id: r-1270895803346808513
15-Apr-21 08:54:59:INFO:Email for Nicole has been successfully sent to nlee2799@tcusd.net!
15-Apr-21 08:54:59:INFO:#####
15-Apr-21 08:54:59:INFO:Sending email to: Nicole with the address: nlee2799@tcusd.net
15-Apr-21 08:54:59:INFO:With body content:
Dear Nicole,
 
This is a reminder to join us next week for our next Therapy Dog Meeting. We will be looking at how Therapy Animal intergrate with education.

The meeting will be next Monday, Apr 19, 2021, at 1:00 PM.

Topic: Savay Lieu's Personal Meeting Room
Join Zoom Meeting
https://us02web.zoom.us/j/4749421865?pwd=N3h2T1VtK2ZYWTY5dGpISnE5VFBRQT09

Meeting ID: 474 942 1865
Passcode: 1rypWN

Thank you for being apart of Therapy Dog Club. We'll see you there!

David Sim 
President - Therapy Dog Club

15-Apr-21 08:55:00:INFO:List has been cycled through. Exiting...
15-Apr-21 08:55:40:INFO:********************************************
15-Apr-21 08:55:40:INFO:Starting Gmail email script...
15-Apr-21 08:55:40:INFO:Token found.
15-Apr-21 08:55:40:WARNING:file_cache is unavailable when using oauth2client >= 4.0.0 or google-auth
Traceback (most recent call last):
  File "/usr/local/lib/python3.8/site-packages/googleapiclient/discovery_cache/file_cache.py", line 33, in <module>
    from oauth2client.contrib.locked_file import LockedFile
ModuleNotFoundError: No module named 'oauth2client.contrib.locked_file'

During handling of the above exception, another exception occurred:

Traceback (most recent call last):
  File "/usr/local/lib/python3.8/site-packages/googleapiclient/discovery_cache/file_cache.py", line 37, in <module>
    from oauth2client.locked_file import LockedFile
ModuleNotFoundError: No module named 'oauth2client.locked_file'

During handling of the above exception, another exception occurred:

Traceback (most recent call last):
  File "/usr/local/lib/python3.8/site-packages/googleapiclient/discovery_cache/__init__.py", line 44, in autodetect
    from . import file_cache
  File "/usr/local/lib/python3.8/site-packages/googleapiclient/discovery_cache/file_cache.py", line 40, in <module>
    raise ImportError(
ImportError: file_cache is unavailable when using oauth2client >= 4.0.0 or google-auth
15-Apr-21 08:55:40:INFO:Using sender as: David Sim<dsim4205@tcusd.net>
15-Apr-21 08:55:40:INFO:Max rows is: 23and max column is: 4
15-Apr-21 08:55:40:INFO:Starting on email for: Hailey
15-Apr-21 08:55:41:INFO:     Draft saved to Google's servers with id: r-6862001620562138398
15-Apr-21 08:55:41:INFO:Email for Hailey has been successfully sent to hau3725@tcusd.net!
15-Apr-21 08:55:41:INFO:#####
15-Apr-21 08:55:41:INFO:Sending email to: Hailey with the address: hau3725@tcusd.net
15-Apr-21 08:55:41:INFO:With body content:
Dear Hailey,
 
This is a reminder to join us next week for our next Therapy Dog Meeting. We will be looking at how Therapy Animals integrate with education.

The meeting will be next Monday, Apr 19, 2021, at 1:00 PM.

Topic: Savay Lieu's Personal Meeting Room
Join Zoom Meeting
https://us02web.zoom.us/j/4749421865?pwd=N3h2T1VtK2ZYWTY5dGpISnE5VFBRQT09

Meeting ID: 474 942 1865
Passcode: 1rypWN

Thank you for being apart of Therapy Dog Club. We'll see you there!

David Sim 
President - Therapy Dog Club

15-Apr-21 08:55:42:INFO:Starting on email for: Adrian
15-Apr-21 08:55:42:INFO:     Draft saved to Google's servers with id: r-6568266716298730242
15-Apr-21 08:55:42:INFO:Email for Adrian has been successfully sent to cchow3786@tcusd.net!
15-Apr-21 08:55:42:INFO:#####
15-Apr-21 08:55:42:INFO:Sending email to: Adrian with the address: cchow3786@tcusd.net
15-Apr-21 08:55:42:INFO:With body content:
Dear Adrian,
 
This is a reminder to join us next week for our next Therapy Dog Meeting. We will be looking at how Therapy Animals integrate with education.

The meeting will be next Monday, Apr 19, 2021, at 1:00 PM.

Topic: Savay Lieu's Personal Meeting Room
Join Zoom Meeting
https://us02web.zoom.us/j/4749421865?pwd=N3h2T1VtK2ZYWTY5dGpISnE5VFBRQT09

Meeting ID: 474 942 1865
Passcode: 1rypWN

Thank you for being apart of Therapy Dog Club. We'll see you there!

David Sim 
President - Therapy Dog Club

15-Apr-21 08:55:43:INFO:Starting on email for: My Cat
15-Apr-21 08:55:44:INFO:     Draft saved to Google's servers with id: r-8237634035649417298
15-Apr-21 08:55:44:INFO:Email for My Cat has been successfully sent to MDuong0107@tcusd.net!
15-Apr-21 08:55:44:INFO:#####
15-Apr-21 08:55:44:INFO:Sending email to: My Cat with the address: MDuong0107@tcusd.net
15-Apr-21 08:55:44:INFO:With body content:
Dear My Cat,
 
This is a reminder to join us next week for our next Therapy Dog Meeting. We will be looking at how Therapy Animals integrate with education.

The meeting will be next Monday, Apr 19, 2021, at 1:00 PM.

Topic: Savay Lieu's Personal Meeting Room
Join Zoom Meeting
https://us02web.zoom.us/j/4749421865?pwd=N3h2T1VtK2ZYWTY5dGpISnE5VFBRQT09

Meeting ID: 474 942 1865
Passcode: 1rypWN

Thank you for being apart of Therapy Dog Club. We'll see you there!

David Sim 
President - Therapy Dog Club

15-Apr-21 08:55:45:INFO:Starting on email for: Kaylee
15-Apr-21 08:55:45:INFO:     Draft saved to Google's servers with id: r-1671727167706105212
15-Apr-21 08:55:45:INFO:Email for Kaylee has been successfully sent to keiber4542@tcusd.net!
15-Apr-21 08:55:45:INFO:#####
15-Apr-21 08:55:45:INFO:Sending email to: Kaylee with the address: keiber4542@tcusd.net
15-Apr-21 08:55:45:INFO:With body content:
Dear Kaylee,
 
This is a reminder to join us next week for our next Therapy Dog Meeting. We will be looking at how Therapy Animals integrate with education.

The meeting will be next Monday, Apr 19, 2021, at 1:00 PM.

Topic: Savay Lieu's Personal Meeting Room
Join Zoom Meeting
https://us02web.zoom.us/j/4749421865?pwd=N3h2T1VtK2ZYWTY5dGpISnE5VFBRQT09

Meeting ID: 474 942 1865
Passcode: 1rypWN

Thank you for being apart of Therapy Dog Club. We'll see you there!

David Sim 
President - Therapy Dog Club

15-Apr-21 08:55:46:INFO:Starting on email for: Stephanie
15-Apr-21 08:55:47:INFO:     Draft saved to Google's servers with id: r-5660235910029851753
15-Apr-21 08:55:47:INFO:Email for Stephanie has been successfully sent to xhu2863@tcusd.net!
15-Apr-21 08:55:47:INFO:#####
15-Apr-21 08:55:47:INFO:Sending email to: Stephanie with the address: xhu2863@tcusd.net
15-Apr-21 08:55:47:INFO:With body content:
Dear Stephanie,
 
This is a reminder to join us next week for our next Therapy Dog Meeting. We will be looking at how Therapy Animals integrate with education.

The meeting will be next Monday, Apr 19, 2021, at 1:00 PM.

Topic: Savay Lieu's Personal Meeting Room
Join Zoom Meeting
https://us02web.zoom.us/j/4749421865?pwd=N3h2T1VtK2ZYWTY5dGpISnE5VFBRQT09

Meeting ID: 474 942 1865
Passcode: 1rypWN

Thank you for being apart of Therapy Dog Club. We'll see you there!

David Sim 
President - Therapy Dog Club

15-Apr-21 08:55:48:INFO:Starting on email for: Jonathan
15-Apr-21 08:55:48:INFO:     Draft saved to Google's servers with id: r-8361743743630032013
15-Apr-21 08:55:48:INFO:Email for Jonathan has been successfully sent to jlee4933@tcusd.net!
15-Apr-21 08:55:48:INFO:#####
15-Apr-21 08:55:48:INFO:Sending email to: Jonathan with the address: jlee4933@tcusd.net
15-Apr-21 08:55:48:INFO:With body content:
Dear Jonathan,
 
This is a reminder to join us next week for our next Therapy Dog Meeting. We will be looking at how Therapy Animals integrate with education.

The meeting will be next Monday, Apr 19, 2021, at 1:00 PM.

Topic: Savay Lieu's Personal Meeting Room
Join Zoom Meeting
https://us02web.zoom.us/j/4749421865?pwd=N3h2T1VtK2ZYWTY5dGpISnE5VFBRQT09

Meeting ID: 474 942 1865
Passcode: 1rypWN

Thank you for being apart of Therapy Dog Club. We'll see you there!

David Sim 
President - Therapy Dog Club

15-Apr-21 08:55:49:INFO:Starting on email for: Jason
15-Apr-21 08:55:50:INFO:     Draft saved to Google's servers with id: r5237247120389366256
15-Apr-21 08:55:50:INFO:Email for Jason has been successfully sent to jlee3440@tcusd.net!
15-Apr-21 08:55:50:INFO:#####
15-Apr-21 08:55:50:INFO:Sending email to: Jason with the address: jlee3440@tcusd.net
15-Apr-21 08:55:50:INFO:With body content:
Dear Jason,
 
This is a reminder to join us next week for our next Therapy Dog Meeting. We will be looking at how Therapy Animals integrate with education.

The meeting will be next Monday, Apr 19, 2021, at 1:00 PM.

Topic: Savay Lieu's Personal Meeting Room
Join Zoom Meeting
https://us02web.zoom.us/j/4749421865?pwd=N3h2T1VtK2ZYWTY5dGpISnE5VFBRQT09

Meeting ID: 474 942 1865
Passcode: 1rypWN

Thank you for being apart of Therapy Dog Club. We'll see you there!

David Sim 
President - Therapy Dog Club

15-Apr-21 08:55:51:INFO:Starting on email for: Vicky
15-Apr-21 08:55:51:INFO:     Draft saved to Google's servers with id: r-2938290639973906947
15-Apr-21 08:55:51:INFO:Email for Vicky has been successfully sent to wli4135@tcusd.net!
15-Apr-21 08:55:51:INFO:#####
15-Apr-21 08:55:51:INFO:Sending email to: Vicky with the address: wli4135@tcusd.net
15-Apr-21 08:55:51:INFO:With body content:
Dear Vicky,
 
This is a reminder to join us next week for our next Therapy Dog Meeting. We will be looking at how Therapy Animals integrate with education.

The meeting will be next Monday, Apr 19, 2021, at 1:00 PM.

Topic: Savay Lieu's Personal Meeting Room
Join Zoom Meeting
https://us02web.zoom.us/j/4749421865?pwd=N3h2T1VtK2ZYWTY5dGpISnE5VFBRQT09

Meeting ID: 474 942 1865
Passcode: 1rypWN

Thank you for being apart of Therapy Dog Club. We'll see you there!

David Sim 
President - Therapy Dog Club

15-Apr-21 08:55:52:INFO:Starting on email for: Jasmine
15-Apr-21 08:55:53:INFO:     Draft saved to Google's servers with id: r3248546244725457634
15-Apr-21 08:55:53:INFO:Email for Jasmine has been successfully sent to jliu2788@tcusd.net!
15-Apr-21 08:55:53:INFO:#####
15-Apr-21 08:55:53:INFO:Sending email to: Jasmine with the address: jliu2788@tcusd.net
15-Apr-21 08:55:53:INFO:With body content:
Dear Jasmine,
 
This is a reminder to join us next week for our next Therapy Dog Meeting. We will be looking at how Therapy Animals integrate with education.

The meeting will be next Monday, Apr 19, 2021, at 1:00 PM.

Topic: Savay Lieu's Personal Meeting Room
Join Zoom Meeting
https://us02web.zoom.us/j/4749421865?pwd=N3h2T1VtK2ZYWTY5dGpISnE5VFBRQT09

Meeting ID: 474 942 1865
Passcode: 1rypWN

Thank you for being apart of Therapy Dog Club. We'll see you there!

David Sim 
President - Therapy Dog Club

15-Apr-21 08:55:54:INFO:Starting on email for: Chloe
15-Apr-21 08:55:54:INFO:     Draft saved to Google's servers with id: r-1772768907592323195
15-Apr-21 08:55:54:INFO:Email for Chloe has been successfully sent to cluong3964@tcusd.net!
15-Apr-21 08:55:54:INFO:#####
15-Apr-21 08:55:54:INFO:Sending email to: Chloe with the address: cluong3964@tcusd.net
15-Apr-21 08:55:54:INFO:With body content:
Dear Chloe,
 
This is a reminder to join us next week for our next Therapy Dog Meeting. We will be looking at how Therapy Animals integrate with education.

The meeting will be next Monday, Apr 19, 2021, at 1:00 PM.

Topic: Savay Lieu's Personal Meeting Room
Join Zoom Meeting
https://us02web.zoom.us/j/4749421865?pwd=N3h2T1VtK2ZYWTY5dGpISnE5VFBRQT09

Meeting ID: 474 942 1865
Passcode: 1rypWN

Thank you for being apart of Therapy Dog Club. We'll see you there!

David Sim 
President - Therapy Dog Club

15-Apr-21 08:55:55:INFO:Starting on email for: Maria
15-Apr-21 08:55:55:INFO:     Draft saved to Google's servers with id: r4231337968308299956
15-Apr-21 08:55:55:INFO:Email for Maria has been successfully sent to moceguera0395@tcusd.net!
15-Apr-21 08:55:55:INFO:#####
15-Apr-21 08:55:55:INFO:Sending email to: Maria with the address: moceguera0395@tcusd.net
15-Apr-21 08:55:55:INFO:With body content:
Dear Maria,
 
This is a reminder to join us next week for our next Therapy Dog Meeting. We will be looking at how Therapy Animals integrate with education.

The meeting will be next Monday, Apr 19, 2021, at 1:00 PM.

Topic: Savay Lieu's Personal Meeting Room
Join Zoom Meeting
https://us02web.zoom.us/j/4749421865?pwd=N3h2T1VtK2ZYWTY5dGpISnE5VFBRQT09

Meeting ID: 474 942 1865
Passcode: 1rypWN

Thank you for being apart of Therapy Dog Club. We'll see you there!

David Sim 
President - Therapy Dog Club

15-Apr-21 08:55:56:INFO:Starting on email for: Shanon
15-Apr-21 08:55:57:INFO:     Draft saved to Google's servers with id: r-2270391559845139067
15-Apr-21 08:55:57:INFO:Email for Shanon has been successfully sent to span4658@tcusd.net!
15-Apr-21 08:55:57:INFO:#####
15-Apr-21 08:55:57:INFO:Sending email to: Shanon with the address: span4658@tcusd.net
15-Apr-21 08:55:57:INFO:With body content:
Dear Shanon,
 
This is a reminder to join us next week for our next Therapy Dog Meeting. We will be looking at how Therapy Animals integrate with education.

The meeting will be next Monday, Apr 19, 2021, at 1:00 PM.

Topic: Savay Lieu's Personal Meeting Room
Join Zoom Meeting
https://us02web.zoom.us/j/4749421865?pwd=N3h2T1VtK2ZYWTY5dGpISnE5VFBRQT09

Meeting ID: 474 942 1865
Passcode: 1rypWN

Thank you for being apart of Therapy Dog Club. We'll see you there!

David Sim 
President - Therapy Dog Club

15-Apr-21 08:55:58:INFO:Starting on email for: Allison
15-Apr-21 08:55:58:INFO:     Draft saved to Google's servers with id: r4947481106799508811
15-Apr-21 08:55:58:INFO:Email for Allison has been successfully sent to apan3320@tcusd.net!
15-Apr-21 08:55:58:INFO:#####
15-Apr-21 08:55:58:INFO:Sending email to: Allison with the address: apan3320@tcusd.net
15-Apr-21 08:55:58:INFO:With body content:
Dear Allison,
 
This is a reminder to join us next week for our next Therapy Dog Meeting. We will be looking at how Therapy Animals integrate with education.

The meeting will be next Monday, Apr 19, 2021, at 1:00 PM.

Topic: Savay Lieu's Personal Meeting Room
Join Zoom Meeting
https://us02web.zoom.us/j/4749421865?pwd=N3h2T1VtK2ZYWTY5dGpISnE5VFBRQT09

Meeting ID: 474 942 1865
Passcode: 1rypWN

Thank you for being apart of Therapy Dog Club. We'll see you there!

David Sim 
President - Therapy Dog Club

15-Apr-21 08:55:59:INFO:Starting on email for: Kelly
15-Apr-21 08:56:00:INFO:     Draft saved to Google's servers with id: r-39830386627989326
15-Apr-21 08:56:00:INFO:Email for Kelly has been successfully sent to kpoplar3228@tcusd.net!
15-Apr-21 08:56:00:INFO:#####
15-Apr-21 08:56:00:INFO:Sending email to: Kelly with the address: kpoplar3228@tcusd.net
15-Apr-21 08:56:00:INFO:With body content:
Dear Kelly,
 
This is a reminder to join us next week for our next Therapy Dog Meeting. We will be looking at how Therapy Animals integrate with education.

The meeting will be next Monday, Apr 19, 2021, at 1:00 PM.

Topic: Savay Lieu's Personal Meeting Room
Join Zoom Meeting
https://us02web.zoom.us/j/4749421865?pwd=N3h2T1VtK2ZYWTY5dGpISnE5VFBRQT09

Meeting ID: 474 942 1865
Passcode: 1rypWN

Thank you for being apart of Therapy Dog Club. We'll see you there!

David Sim 
President - Therapy Dog Club

15-Apr-21 08:56:01:INFO:Starting on email for: Jaden
15-Apr-21 08:56:01:INFO:     Draft saved to Google's servers with id: r-7421459597472496652
15-Apr-21 08:56:01:INFO:Email for Jaden has been successfully sent to jqueron3535@tcusd.net!
15-Apr-21 08:56:01:INFO:#####
15-Apr-21 08:56:01:INFO:Sending email to: Jaden with the address: jqueron3535@tcusd.net
15-Apr-21 08:56:01:INFO:With body content:
Dear Jaden,
 
This is a reminder to join us next week for our next Therapy Dog Meeting. We will be looking at how Therapy Animals integrate with education.

The meeting will be next Monday, Apr 19, 2021, at 1:00 PM.

Topic: Savay Lieu's Personal Meeting Room
Join Zoom Meeting
https://us02web.zoom.us/j/4749421865?pwd=N3h2T1VtK2ZYWTY5dGpISnE5VFBRQT09

Meeting ID: 474 942 1865
Passcode: 1rypWN

Thank you for being apart of Therapy Dog Club. We'll see you there!

David Sim 
President - Therapy Dog Club

15-Apr-21 08:56:02:INFO:Starting on email for: Jacqueline 
15-Apr-21 08:56:03:INFO:     Draft saved to Google's servers with id: r-4708159695696200099
15-Apr-21 08:56:03:INFO:Email for Jacqueline  has been successfully sent to jreyes1686@tcusd.net!
15-Apr-21 08:56:03:INFO:#####
15-Apr-21 08:56:03:INFO:Sending email to: Jacqueline  with the address: jreyes1686@tcusd.net
15-Apr-21 08:56:03:INFO:With body content:
Dear Jacqueline ,
 
This is a reminder to join us next week for our next Therapy Dog Meeting. We will be looking at how Therapy Animals integrate with education.

The meeting will be next Monday, Apr 19, 2021, at 1:00 PM.

Topic: Savay Lieu's Personal Meeting Room
Join Zoom Meeting
https://us02web.zoom.us/j/4749421865?pwd=N3h2T1VtK2ZYWTY5dGpISnE5VFBRQT09

Meeting ID: 474 942 1865
Passcode: 1rypWN

Thank you for being apart of Therapy Dog Club. We'll see you there!

David Sim 
President - Therapy Dog Club

15-Apr-21 08:56:04:INFO:Starting on email for: Armita
15-Apr-21 08:56:04:INFO:     Draft saved to Google's servers with id: r-884804200679300255
15-Apr-21 08:56:04:INFO:Email for Armita has been successfully sent to ashadfar3564@tcusd.net!
15-Apr-21 08:56:04:INFO:#####
15-Apr-21 08:56:04:INFO:Sending email to: Armita with the address: ashadfar3564@tcusd.net
15-Apr-21 08:56:04:INFO:With body content:
Dear Armita,
 
This is a reminder to join us next week for our next Therapy Dog Meeting. We will be looking at how Therapy Animals integrate with education.

The meeting will be next Monday, Apr 19, 2021, at 1:00 PM.

Topic: Savay Lieu's Personal Meeting Room
Join Zoom Meeting
https://us02web.zoom.us/j/4749421865?pwd=N3h2T1VtK2ZYWTY5dGpISnE5VFBRQT09

Meeting ID: 474 942 1865
Passcode: 1rypWN

Thank you for being apart of Therapy Dog Club. We'll see you there!

David Sim 
President - Therapy Dog Club

15-Apr-21 08:56:05:INFO:Starting on email for: Suraj
15-Apr-21 08:56:06:INFO:     Draft saved to Google's servers with id: r6914780704464139291
15-Apr-21 08:56:06:INFO:Email for Suraj has been successfully sent to sshah4312@tcusd.net!
15-Apr-21 08:56:06:INFO:#####
15-Apr-21 08:56:06:INFO:Sending email to: Suraj with the address: sshah4312@tcusd.net
15-Apr-21 08:56:06:INFO:With body content:
Dear Suraj,
 
This is a reminder to join us next week for our next Therapy Dog Meeting. We will be looking at how Therapy Animals integrate with education.

The meeting will be next Monday, Apr 19, 2021, at 1:00 PM.

Topic: Savay Lieu's Personal Meeting Room
Join Zoom Meeting
https://us02web.zoom.us/j/4749421865?pwd=N3h2T1VtK2ZYWTY5dGpISnE5VFBRQT09

Meeting ID: 474 942 1865
Passcode: 1rypWN

Thank you for being apart of Therapy Dog Club. We'll see you there!

David Sim 
President - Therapy Dog Club

15-Apr-21 08:56:07:INFO:Starting on email for: Ashley
15-Apr-21 08:56:07:INFO:     Draft saved to Google's servers with id: r-3921747048276734991
15-Apr-21 08:56:07:INFO:Email for Ashley has been successfully sent to atran3552@tcusd.net !
15-Apr-21 08:56:07:INFO:#####
15-Apr-21 08:56:07:INFO:Sending email to: Ashley with the address: atran3552@tcusd.net 
15-Apr-21 08:56:07:INFO:With body content:
Dear Ashley,
 
This is a reminder to join us next week for our next Therapy Dog Meeting. We will be looking at how Therapy Animals integrate with education.

The meeting will be next Monday, Apr 19, 2021, at 1:00 PM.

Topic: Savay Lieu's Personal Meeting Room
Join Zoom Meeting
https://us02web.zoom.us/j/4749421865?pwd=N3h2T1VtK2ZYWTY5dGpISnE5VFBRQT09

Meeting ID: 474 942 1865
Passcode: 1rypWN

Thank you for being apart of Therapy Dog Club. We'll see you there!

David Sim 
President - Therapy Dog Club

15-Apr-21 08:56:08:INFO:Starting on email for: Lauren
15-Apr-21 08:56:09:INFO:     Draft saved to Google's servers with id: r2731097002407174568
15-Apr-21 08:56:09:INFO:Email for Lauren has been successfully sent to lyoder2789@tcusd.net!
15-Apr-21 08:56:09:INFO:#####
15-Apr-21 08:56:09:INFO:Sending email to: Lauren with the address: lyoder2789@tcusd.net
15-Apr-21 08:56:09:INFO:With body content:
Dear Lauren,
 
This is a reminder to join us next week for our next Therapy Dog Meeting. We will be looking at how Therapy Animals integrate with education.

The meeting will be next Monday, Apr 19, 2021, at 1:00 PM.

Topic: Savay Lieu's Personal Meeting Room
Join Zoom Meeting
https://us02web.zoom.us/j/4749421865?pwd=N3h2T1VtK2ZYWTY5dGpISnE5VFBRQT09

Meeting ID: 474 942 1865
Passcode: 1rypWN

Thank you for being apart of Therapy Dog Club. We'll see you there!

David Sim 
President - Therapy Dog Club

15-Apr-21 08:56:10:INFO:Starting on email for: Anne
15-Apr-21 08:56:10:INFO:     Draft saved to Google's servers with id: r7121825933694189108
15-Apr-21 08:56:10:INFO:Email for Anne has been successfully sent to dzhu3885@tcusd.net!
15-Apr-21 08:56:10:INFO:#####
15-Apr-21 08:56:10:INFO:Sending email to: Anne with the address: dzhu3885@tcusd.net
15-Apr-21 08:56:10:INFO:With body content:
Dear Anne,
 
This is a reminder to join us next week for our next Therapy Dog Meeting. We will be looking at how Therapy Animals integrate with education.

The meeting will be next Monday, Apr 19, 2021, at 1:00 PM.

Topic: Savay Lieu's Personal Meeting Room
Join Zoom Meeting
https://us02web.zoom.us/j/4749421865?pwd=N3h2T1VtK2ZYWTY5dGpISnE5VFBRQT09

Meeting ID: 474 942 1865
Passcode: 1rypWN

Thank you for being apart of Therapy Dog Club. We'll see you there!

David Sim 
President - Therapy Dog Club

15-Apr-21 08:56:11:INFO:Starting on email for: Nicole
15-Apr-21 08:56:12:INFO:     Draft saved to Google's servers with id: r8189678198613253384
15-Apr-21 08:56:12:INFO:Email for Nicole has been successfully sent to nlee2799@tcusd.net!
15-Apr-21 08:56:12:INFO:#####
15-Apr-21 08:56:12:INFO:Sending email to: Nicole with the address: nlee2799@tcusd.net
15-Apr-21 08:56:12:INFO:With body content:
Dear Nicole,
 
This is a reminder to join us next week for our next Therapy Dog Meeting. We will be looking at how Therapy Animals integrate with education.

The meeting will be next Monday, Apr 19, 2021, at 1:00 PM.

Topic: Savay Lieu's Personal Meeting Room
Join Zoom Meeting
https://us02web.zoom.us/j/4749421865?pwd=N3h2T1VtK2ZYWTY5dGpISnE5VFBRQT09

Meeting ID: 474 942 1865
Passcode: 1rypWN

Thank you for being apart of Therapy Dog Club. We'll see you there!

David Sim 
President - Therapy Dog Club

15-Apr-21 08:56:13:INFO:List has been cycled through. Exiting...
