08-May-21 11:06:31:INFO:********************************************
08-May-21 11:06:31:INFO:Starting Gmail email script...
08-May-21 11:06:31:INFO:Token found.
08-May-21 11:06:33:INFO:file_cache is only supported with oauth2client<4.0.0
08-May-21 11:06:33:INFO:Using sender as: David Sim<dsim4205@tcusd.net>
08-May-21 11:06:33:INFO:Max rows is: 23and max column is: 4
08-May-21 11:06:33:INFO:Starting on email for: Hailey
08-May-21 11:06:34:INFO:     Draft saved to Google's servers with id: r-7921740980360195396
08-May-21 11:06:34:INFO:Email for Hailey has been successfully sent to hau3725@tcusd.net!
08-May-21 11:06:34:INFO:#####
08-May-21 11:06:34:INFO:Sending email to: Hailey with the address: hau3725@tcusd.net
08-May-21 11:06:34:INFO:With body content:
Dear Hailey,
 
Be sure to join us for our final Therapy Dog Meeting of the Year!! We'll be wrapping thing sup with a quick documentary about therapy animals and any final questions you may have. 

The meeting will be next Wednesday, May 12, 2021, at 1:00 PM.


Topic: My Meeting
Time: Apr 19, 2021 01:00 PM Pacific Time (US and Canada)

Join Zoom Meeting
https://us02web.zoom.us/j/82200992456?pwd=bmJWbm5WR3Nhd0dGbHkreGRIeURBQT09

Meeting ID: 822 0099 2456
Passcode: dYL49y



Thank you for being apart of Therapy Dog Club. We'll see you there!

David Sim 
President - Therapy Dog Club

08-May-21 11:06:35:INFO:Starting on email for: Adrian
08-May-21 11:06:35:INFO:     Draft saved to Google's servers with id: r3536158236662848089
08-May-21 11:06:35:INFO:Email for Adrian has been successfully sent to cchow3786@tcusd.net!
08-May-21 11:06:35:INFO:#####
08-May-21 11:06:35:INFO:Sending email to: Adrian with the address: cchow3786@tcusd.net
08-May-21 11:06:35:INFO:With body content:
Dear Adrian,
 
Be sure to join us for our final Therapy Dog Meeting of the Year!! We'll be wrapping thing sup with a quick documentary about therapy animals and any final questions you may have. 

The meeting will be next Wednesday, May 12, 2021, at 1:00 PM.


Topic: My Meeting
Time: Apr 19, 2021 01:00 PM Pacific Time (US and Canada)

Join Zoom Meeting
https://us02web.zoom.us/j/82200992456?pwd=bmJWbm5WR3Nhd0dGbHkreGRIeURBQT09

Meeting ID: 822 0099 2456
Passcode: dYL49y



Thank you for being apart of Therapy Dog Club. We'll see you there!

David Sim 
President - Therapy Dog Club

08-May-21 11:06:36:INFO:Starting on email for: My Cat
08-May-21 11:06:37:INFO:     Draft saved to Google's servers with id: r-6645179874443139979
08-May-21 11:06:37:INFO:Email for My Cat has been successfully sent to MDuong0107@tcusd.net!
08-May-21 11:06:37:INFO:#####
08-May-21 11:06:37:INFO:Sending email to: My Cat with the address: MDuong0107@tcusd.net
08-May-21 11:06:37:INFO:With body content:
Dear My Cat,
 
Be sure to join us for our final Therapy Dog Meeting of the Year!! We'll be wrapping thing sup with a quick documentary about therapy animals and any final questions you may have. 

The meeting will be next Wednesday, May 12, 2021, at 1:00 PM.


Topic: My Meeting
Time: Apr 19, 2021 01:00 PM Pacific Time (US and Canada)

Join Zoom Meeting
https://us02web.zoom.us/j/82200992456?pwd=bmJWbm5WR3Nhd0dGbHkreGRIeURBQT09

Meeting ID: 822 0099 2456
Passcode: dYL49y



Thank you for being apart of Therapy Dog Club. We'll see you there!

David Sim 
President - Therapy Dog Club

08-May-21 11:06:38:INFO:Starting on email for: Kaylee
08-May-21 11:06:38:INFO:     Draft saved to Google's servers with id: r6577010770446165740
08-May-21 11:06:38:INFO:Email for Kaylee has been successfully sent to keiber4542@tcusd.net!
08-May-21 11:06:38:INFO:#####
08-May-21 11:06:38:INFO:Sending email to: Kaylee with the address: keiber4542@tcusd.net
08-May-21 11:06:38:INFO:With body content:
Dear Kaylee,
 
Be sure to join us for our final Therapy Dog Meeting of the Year!! We'll be wrapping thing sup with a quick documentary about therapy animals and any final questions you may have. 

The meeting will be next Wednesday, May 12, 2021, at 1:00 PM.


Topic: My Meeting
Time: Apr 19, 2021 01:00 PM Pacific Time (US and Canada)

Join Zoom Meeting
https://us02web.zoom.us/j/82200992456?pwd=bmJWbm5WR3Nhd0dGbHkreGRIeURBQT09

Meeting ID: 822 0099 2456
Passcode: dYL49y



Thank you for being apart of Therapy Dog Club. We'll see you there!

David Sim 
President - Therapy Dog Club

08-May-21 11:06:39:INFO:Starting on email for: Stephanie
08-May-21 11:06:40:INFO:     Draft saved to Google's servers with id: r-258067579141325129
08-May-21 11:06:40:INFO:Email for Stephanie has been successfully sent to xhu2863@tcusd.net!
08-May-21 11:06:40:INFO:#####
08-May-21 11:06:40:INFO:Sending email to: Stephanie with the address: xhu2863@tcusd.net
08-May-21 11:06:40:INFO:With body content:
Dear Stephanie,
 
Be sure to join us for our final Therapy Dog Meeting of the Year!! We'll be wrapping thing sup with a quick documentary about therapy animals and any final questions you may have. 

The meeting will be next Wednesday, May 12, 2021, at 1:00 PM.


Topic: My Meeting
Time: Apr 19, 2021 01:00 PM Pacific Time (US and Canada)

Join Zoom Meeting
https://us02web.zoom.us/j/82200992456?pwd=bmJWbm5WR3Nhd0dGbHkreGRIeURBQT09

Meeting ID: 822 0099 2456
Passcode: dYL49y



Thank you for being apart of Therapy Dog Club. We'll see you there!

David Sim 
President - Therapy Dog Club

08-May-21 11:06:41:INFO:Starting on email for: Jonathan
08-May-21 11:06:41:INFO:     Draft saved to Google's servers with id: r219278214906086615
08-May-21 11:06:41:INFO:Email for Jonathan has been successfully sent to jlee4933@tcusd.net!
08-May-21 11:06:41:INFO:#####
08-May-21 11:06:41:INFO:Sending email to: Jonathan with the address: jlee4933@tcusd.net
08-May-21 11:06:41:INFO:With body content:
Dear Jonathan,
 
Be sure to join us for our final Therapy Dog Meeting of the Year!! We'll be wrapping thing sup with a quick documentary about therapy animals and any final questions you may have. 

The meeting will be next Wednesday, May 12, 2021, at 1:00 PM.


Topic: My Meeting
Time: Apr 19, 2021 01:00 PM Pacific Time (US and Canada)

Join Zoom Meeting
https://us02web.zoom.us/j/82200992456?pwd=bmJWbm5WR3Nhd0dGbHkreGRIeURBQT09

Meeting ID: 822 0099 2456
Passcode: dYL49y



Thank you for being apart of Therapy Dog Club. We'll see you there!

David Sim 
President - Therapy Dog Club

08-May-21 11:06:42:INFO:Starting on email for: Jason
08-May-21 11:06:43:INFO:     Draft saved to Google's servers with id: r3423170146266261598
08-May-21 11:06:43:INFO:Email for Jason has been successfully sent to jlee3440@tcusd.net!
08-May-21 11:06:43:INFO:#####
08-May-21 11:06:43:INFO:Sending email to: Jason with the address: jlee3440@tcusd.net
08-May-21 11:06:43:INFO:With body content:
Dear Jason,
 
Be sure to join us for our final Therapy Dog Meeting of the Year!! We'll be wrapping thing sup with a quick documentary about therapy animals and any final questions you may have. 

The meeting will be next Wednesday, May 12, 2021, at 1:00 PM.


Topic: My Meeting
Time: Apr 19, 2021 01:00 PM Pacific Time (US and Canada)

Join Zoom Meeting
https://us02web.zoom.us/j/82200992456?pwd=bmJWbm5WR3Nhd0dGbHkreGRIeURBQT09

Meeting ID: 822 0099 2456
Passcode: dYL49y



Thank you for being apart of Therapy Dog Club. We'll see you there!

David Sim 
President - Therapy Dog Club

08-May-21 11:06:44:INFO:Starting on email for: Vicky
08-May-21 11:06:44:INFO:     Draft saved to Google's servers with id: r-8689450713133853017
08-May-21 11:06:44:INFO:Email for Vicky has been successfully sent to wli4135@tcusd.net!
08-May-21 11:06:44:INFO:#####
08-May-21 11:06:44:INFO:Sending email to: Vicky with the address: wli4135@tcusd.net
08-May-21 11:06:44:INFO:With body content:
Dear Vicky,
 
Be sure to join us for our final Therapy Dog Meeting of the Year!! We'll be wrapping thing sup with a quick documentary about therapy animals and any final questions you may have. 

The meeting will be next Wednesday, May 12, 2021, at 1:00 PM.


Topic: My Meeting
Time: Apr 19, 2021 01:00 PM Pacific Time (US and Canada)

Join Zoom Meeting
https://us02web.zoom.us/j/82200992456?pwd=bmJWbm5WR3Nhd0dGbHkreGRIeURBQT09

Meeting ID: 822 0099 2456
Passcode: dYL49y



Thank you for being apart of Therapy Dog Club. We'll see you there!

David Sim 
President - Therapy Dog Club

08-May-21 11:06:45:INFO:Starting on email for: Jasmine
08-May-21 11:06:46:INFO:     Draft saved to Google's servers with id: r-8660808331346364921
08-May-21 11:06:46:INFO:Email for Jasmine has been successfully sent to jliu2788@tcusd.net!
08-May-21 11:06:46:INFO:#####
08-May-21 11:06:46:INFO:Sending email to: Jasmine with the address: jliu2788@tcusd.net
08-May-21 11:06:46:INFO:With body content:
Dear Jasmine,
 
Be sure to join us for our final Therapy Dog Meeting of the Year!! We'll be wrapping thing sup with a quick documentary about therapy animals and any final questions you may have. 

The meeting will be next Wednesday, May 12, 2021, at 1:00 PM.


Topic: My Meeting
Time: Apr 19, 2021 01:00 PM Pacific Time (US and Canada)

Join Zoom Meeting
https://us02web.zoom.us/j/82200992456?pwd=bmJWbm5WR3Nhd0dGbHkreGRIeURBQT09

Meeting ID: 822 0099 2456
Passcode: dYL49y



Thank you for being apart of Therapy Dog Club. We'll see you there!

David Sim 
President - Therapy Dog Club

08-May-21 11:06:47:INFO:Starting on email for: Chloe
08-May-21 11:06:47:INFO:     Draft saved to Google's servers with id: r1001572026901300345
08-May-21 11:06:47:INFO:Email for Chloe has been successfully sent to cluong3964@tcusd.net!
08-May-21 11:06:47:INFO:#####
08-May-21 11:06:47:INFO:Sending email to: Chloe with the address: cluong3964@tcusd.net
08-May-21 11:06:47:INFO:With body content:
Dear Chloe,
 
Be sure to join us for our final Therapy Dog Meeting of the Year!! We'll be wrapping thing sup with a quick documentary about therapy animals and any final questions you may have. 

The meeting will be next Wednesday, May 12, 2021, at 1:00 PM.


Topic: My Meeting
Time: Apr 19, 2021 01:00 PM Pacific Time (US and Canada)

Join Zoom Meeting
https://us02web.zoom.us/j/82200992456?pwd=bmJWbm5WR3Nhd0dGbHkreGRIeURBQT09

Meeting ID: 822 0099 2456
Passcode: dYL49y



Thank you for being apart of Therapy Dog Club. We'll see you there!

David Sim 
President - Therapy Dog Club

08-May-21 11:06:48:INFO:Starting on email for: Maria
08-May-21 11:06:49:INFO:     Draft saved to Google's servers with id: r-6749550342144845046
08-May-21 11:06:49:INFO:Email for Maria has been successfully sent to moceguera0395@tcusd.net!
08-May-21 11:06:49:INFO:#####
08-May-21 11:06:49:INFO:Sending email to: Maria with the address: moceguera0395@tcusd.net
08-May-21 11:06:49:INFO:With body content:
Dear Maria,
 
Be sure to join us for our final Therapy Dog Meeting of the Year!! We'll be wrapping thing sup with a quick documentary about therapy animals and any final questions you may have. 

The meeting will be next Wednesday, May 12, 2021, at 1:00 PM.


Topic: My Meeting
Time: Apr 19, 2021 01:00 PM Pacific Time (US and Canada)

Join Zoom Meeting
https://us02web.zoom.us/j/82200992456?pwd=bmJWbm5WR3Nhd0dGbHkreGRIeURBQT09

Meeting ID: 822 0099 2456
Passcode: dYL49y



Thank you for being apart of Therapy Dog Club. We'll see you there!

David Sim 
President - Therapy Dog Club

08-May-21 11:06:50:INFO:Starting on email for: Shanon
08-May-21 11:06:50:INFO:     Draft saved to Google's servers with id: r-8506852506882787304
08-May-21 11:06:50:INFO:Email for Shanon has been successfully sent to span4658@tcusd.net!
08-May-21 11:06:50:INFO:#####
08-May-21 11:06:50:INFO:Sending email to: Shanon with the address: span4658@tcusd.net
08-May-21 11:06:50:INFO:With body content:
Dear Shanon,
 
Be sure to join us for our final Therapy Dog Meeting of the Year!! We'll be wrapping thing sup with a quick documentary about therapy animals and any final questions you may have. 

The meeting will be next Wednesday, May 12, 2021, at 1:00 PM.


Topic: My Meeting
Time: Apr 19, 2021 01:00 PM Pacific Time (US and Canada)

Join Zoom Meeting
https://us02web.zoom.us/j/82200992456?pwd=bmJWbm5WR3Nhd0dGbHkreGRIeURBQT09

Meeting ID: 822 0099 2456
Passcode: dYL49y



Thank you for being apart of Therapy Dog Club. We'll see you there!

David Sim 
President - Therapy Dog Club

08-May-21 11:06:51:INFO:Starting on email for: Allison
08-May-21 11:06:52:INFO:     Draft saved to Google's servers with id: r-3124404424726587993
08-May-21 11:06:52:INFO:Email for Allison has been successfully sent to apan3320@tcusd.net!
08-May-21 11:06:52:INFO:#####
08-May-21 11:06:52:INFO:Sending email to: Allison with the address: apan3320@tcusd.net
08-May-21 11:06:52:INFO:With body content:
Dear Allison,
 
Be sure to join us for our final Therapy Dog Meeting of the Year!! We'll be wrapping thing sup with a quick documentary about therapy animals and any final questions you may have. 

The meeting will be next Wednesday, May 12, 2021, at 1:00 PM.


Topic: My Meeting
Time: Apr 19, 2021 01:00 PM Pacific Time (US and Canada)

Join Zoom Meeting
https://us02web.zoom.us/j/82200992456?pwd=bmJWbm5WR3Nhd0dGbHkreGRIeURBQT09

Meeting ID: 822 0099 2456
Passcode: dYL49y



Thank you for being apart of Therapy Dog Club. We'll see you there!

David Sim 
President - Therapy Dog Club

08-May-21 11:06:53:INFO:Starting on email for: Kelly
08-May-21 11:06:53:INFO:     Draft saved to Google's servers with id: r5425152964840343114
08-May-21 11:06:53:INFO:Email for Kelly has been successfully sent to kpoplar3228@tcusd.net!
08-May-21 11:06:53:INFO:#####
08-May-21 11:06:53:INFO:Sending email to: Kelly with the address: kpoplar3228@tcusd.net
08-May-21 11:06:53:INFO:With body content:
Dear Kelly,
 
Be sure to join us for our final Therapy Dog Meeting of the Year!! We'll be wrapping thing sup with a quick documentary about therapy animals and any final questions you may have. 

The meeting will be next Wednesday, May 12, 2021, at 1:00 PM.


Topic: My Meeting
Time: Apr 19, 2021 01:00 PM Pacific Time (US and Canada)

Join Zoom Meeting
https://us02web.zoom.us/j/82200992456?pwd=bmJWbm5WR3Nhd0dGbHkreGRIeURBQT09

Meeting ID: 822 0099 2456
Passcode: dYL49y



Thank you for being apart of Therapy Dog Club. We'll see you there!

David Sim 
President - Therapy Dog Club

08-May-21 11:06:54:INFO:Starting on email for: Jaden
08-May-21 11:06:55:INFO:     Draft saved to Google's servers with id: r-3427756467452220802
08-May-21 11:06:55:INFO:Email for Jaden has been successfully sent to jqueron3535@tcusd.net!
08-May-21 11:06:55:INFO:#####
08-May-21 11:06:55:INFO:Sending email to: Jaden with the address: jqueron3535@tcusd.net
08-May-21 11:06:55:INFO:With body content:
Dear Jaden,
 
Be sure to join us for our final Therapy Dog Meeting of the Year!! We'll be wrapping thing sup with a quick documentary about therapy animals and any final questions you may have. 

The meeting will be next Wednesday, May 12, 2021, at 1:00 PM.


Topic: My Meeting
Time: Apr 19, 2021 01:00 PM Pacific Time (US and Canada)

Join Zoom Meeting
https://us02web.zoom.us/j/82200992456?pwd=bmJWbm5WR3Nhd0dGbHkreGRIeURBQT09

Meeting ID: 822 0099 2456
Passcode: dYL49y



Thank you for being apart of Therapy Dog Club. We'll see you there!

David Sim 
President - Therapy Dog Club

08-May-21 11:06:56:INFO:Starting on email for: Jacqueline 
08-May-21 11:06:56:INFO:     Draft saved to Google's servers with id: r-22196412332451482
08-May-21 11:06:56:INFO:Email for Jacqueline  has been successfully sent to jreyes1686@tcusd.net!
08-May-21 11:06:56:INFO:#####
08-May-21 11:06:56:INFO:Sending email to: Jacqueline  with the address: jreyes1686@tcusd.net
08-May-21 11:06:56:INFO:With body content:
Dear Jacqueline ,
 
Be sure to join us for our final Therapy Dog Meeting of the Year!! We'll be wrapping thing sup with a quick documentary about therapy animals and any final questions you may have. 

The meeting will be next Wednesday, May 12, 2021, at 1:00 PM.


Topic: My Meeting
Time: Apr 19, 2021 01:00 PM Pacific Time (US and Canada)

Join Zoom Meeting
https://us02web.zoom.us/j/82200992456?pwd=bmJWbm5WR3Nhd0dGbHkreGRIeURBQT09

Meeting ID: 822 0099 2456
Passcode: dYL49y



Thank you for being apart of Therapy Dog Club. We'll see you there!

David Sim 
President - Therapy Dog Club

08-May-21 11:06:57:INFO:Starting on email for: Armita
08-May-21 11:06:58:INFO:     Draft saved to Google's servers with id: r-5218894901669354684
08-May-21 11:06:58:INFO:Email for Armita has been successfully sent to ashadfar3564@tcusd.net!
08-May-21 11:06:58:INFO:#####
08-May-21 11:06:58:INFO:Sending email to: Armita with the address: ashadfar3564@tcusd.net
08-May-21 11:06:58:INFO:With body content:
Dear Armita,
 
Be sure to join us for our final Therapy Dog Meeting of the Year!! We'll be wrapping thing sup with a quick documentary about therapy animals and any final questions you may have. 

The meeting will be next Wednesday, May 12, 2021, at 1:00 PM.


Topic: My Meeting
Time: Apr 19, 2021 01:00 PM Pacific Time (US and Canada)

Join Zoom Meeting
https://us02web.zoom.us/j/82200992456?pwd=bmJWbm5WR3Nhd0dGbHkreGRIeURBQT09

Meeting ID: 822 0099 2456
Passcode: dYL49y



Thank you for being apart of Therapy Dog Club. We'll see you there!

David Sim 
President - Therapy Dog Club

08-May-21 11:06:59:INFO:Starting on email for: Suraj
08-May-21 11:06:59:INFO:     Draft saved to Google's servers with id: r-8737619066799804118
08-May-21 11:06:59:INFO:Email for Suraj has been successfully sent to sshah4312@tcusd.net!
08-May-21 11:06:59:INFO:#####
08-May-21 11:06:59:INFO:Sending email to: Suraj with the address: sshah4312@tcusd.net
08-May-21 11:06:59:INFO:With body content:
Dear Suraj,
 
Be sure to join us for our final Therapy Dog Meeting of the Year!! We'll be wrapping thing sup with a quick documentary about therapy animals and any final questions you may have. 

The meeting will be next Wednesday, May 12, 2021, at 1:00 PM.


Topic: My Meeting
Time: Apr 19, 2021 01:00 PM Pacific Time (US and Canada)

Join Zoom Meeting
https://us02web.zoom.us/j/82200992456?pwd=bmJWbm5WR3Nhd0dGbHkreGRIeURBQT09

Meeting ID: 822 0099 2456
Passcode: dYL49y



Thank you for being apart of Therapy Dog Club. We'll see you there!

David Sim 
President - Therapy Dog Club

08-May-21 11:07:00:INFO:Starting on email for: Ashley
08-May-21 11:07:01:INFO:     Draft saved to Google's servers with id: r-8625967942332873549
08-May-21 11:07:01:INFO:Email for Ashley has been successfully sent to atran3552@tcusd.net !
08-May-21 11:07:01:INFO:#####
08-May-21 11:07:01:INFO:Sending email to: Ashley with the address: atran3552@tcusd.net 
08-May-21 11:07:01:INFO:With body content:
Dear Ashley,
 
Be sure to join us for our final Therapy Dog Meeting of the Year!! We'll be wrapping thing sup with a quick documentary about therapy animals and any final questions you may have. 

The meeting will be next Wednesday, May 12, 2021, at 1:00 PM.


Topic: My Meeting
Time: Apr 19, 2021 01:00 PM Pacific Time (US and Canada)

Join Zoom Meeting
https://us02web.zoom.us/j/82200992456?pwd=bmJWbm5WR3Nhd0dGbHkreGRIeURBQT09

Meeting ID: 822 0099 2456
Passcode: dYL49y



Thank you for being apart of Therapy Dog Club. We'll see you there!

David Sim 
President - Therapy Dog Club

08-May-21 11:07:02:INFO:Starting on email for: Lauren
08-May-21 11:07:02:INFO:     Draft saved to Google's servers with id: r-2873232221236229173
08-May-21 11:07:02:INFO:Email for Lauren has been successfully sent to lyoder2789@tcusd.net!
08-May-21 11:07:02:INFO:#####
08-May-21 11:07:02:INFO:Sending email to: Lauren with the address: lyoder2789@tcusd.net
08-May-21 11:07:02:INFO:With body content:
Dear Lauren,
 
Be sure to join us for our final Therapy Dog Meeting of the Year!! We'll be wrapping thing sup with a quick documentary about therapy animals and any final questions you may have. 

The meeting will be next Wednesday, May 12, 2021, at 1:00 PM.


Topic: My Meeting
Time: Apr 19, 2021 01:00 PM Pacific Time (US and Canada)

Join Zoom Meeting
https://us02web.zoom.us/j/82200992456?pwd=bmJWbm5WR3Nhd0dGbHkreGRIeURBQT09

Meeting ID: 822 0099 2456
Passcode: dYL49y



Thank you for being apart of Therapy Dog Club. We'll see you there!

David Sim 
President - Therapy Dog Club

08-May-21 11:07:03:INFO:Starting on email for: Anne
08-May-21 11:07:04:INFO:     Draft saved to Google's servers with id: r-2224043729296805950
08-May-21 11:07:04:INFO:Email for Anne has been successfully sent to dzhu3885@tcusd.net!
08-May-21 11:07:04:INFO:#####
08-May-21 11:07:04:INFO:Sending email to: Anne with the address: dzhu3885@tcusd.net
08-May-21 11:07:04:INFO:With body content:
Dear Anne,
 
Be sure to join us for our final Therapy Dog Meeting of the Year!! We'll be wrapping thing sup with a quick documentary about therapy animals and any final questions you may have. 

The meeting will be next Wednesday, May 12, 2021, at 1:00 PM.


Topic: My Meeting
Time: Apr 19, 2021 01:00 PM Pacific Time (US and Canada)

Join Zoom Meeting
https://us02web.zoom.us/j/82200992456?pwd=bmJWbm5WR3Nhd0dGbHkreGRIeURBQT09

Meeting ID: 822 0099 2456
Passcode: dYL49y



Thank you for being apart of Therapy Dog Club. We'll see you there!

David Sim 
President - Therapy Dog Club

08-May-21 11:07:05:INFO:Starting on email for: Nicole
08-May-21 11:07:06:INFO:     Draft saved to Google's servers with id: r1676120064832539724
08-May-21 11:07:06:INFO:Email for Nicole has been successfully sent to nlee2799@tcusd.net!
08-May-21 11:07:06:INFO:#####
08-May-21 11:07:06:INFO:Sending email to: Nicole with the address: nlee2799@tcusd.net
08-May-21 11:07:06:INFO:With body content:
Dear Nicole,
 
Be sure to join us for our final Therapy Dog Meeting of the Year!! We'll be wrapping thing sup with a quick documentary about therapy animals and any final questions you may have. 

The meeting will be next Wednesday, May 12, 2021, at 1:00 PM.


Topic: My Meeting
Time: Apr 19, 2021 01:00 PM Pacific Time (US and Canada)

Join Zoom Meeting
https://us02web.zoom.us/j/82200992456?pwd=bmJWbm5WR3Nhd0dGbHkreGRIeURBQT09

Meeting ID: 822 0099 2456
Passcode: dYL49y



Thank you for being apart of Therapy Dog Club. We'll see you there!

David Sim 
President - Therapy Dog Club

08-May-21 11:07:07:INFO:List has been cycled through. Exiting...
