19-Apr-21 13:27:06:INFO:********************************************
19-Apr-21 13:27:06:INFO:Starting Gmail email script...
19-Apr-21 13:27:06:INFO:Token found.
19-Apr-21 13:27:06:INFO:file_cache is only supported with oauth2client<4.0.0
19-Apr-21 13:27:06:INFO:Using sender as: David Sim<dsim4205@tcusd.net>
19-Apr-21 13:27:06:INFO:Max rows is: 23and max column is: 4
19-Apr-21 13:27:06:INFO:Starting on email for: Hailey
19-Apr-21 13:27:06:INFO:     Draft saved to Google's servers with id: r-5340154321344173593
19-Apr-21 13:27:06:INFO:Email for Hailey has been successfully sent to hau3725@tcusd.net!
19-Apr-21 13:27:06:INFO:#####
19-Apr-21 13:27:06:INFO:Sending email to: Hailey with the address: hau3725@tcusd.net
19-Apr-21 13:27:06:INFO:With body content:
Dear Hailey,
 
There are some technical difficulties today and we are running a bit behind schedule. We also have an updated link for you to use. Sorry for the confusion and we will see you there!

The meeting will be next Monday, Apr 19, 2021, at 1:00 PM.



Topic: My Meeting
Time: Apr 19, 2021 01:00 PM Pacific Time (US and Canada)

Join Zoom Meeting
https://us02web.zoom.us/j/82200992456?pwd=bmJWbm5WR3Nhd0dGbHkreGRIeURBQT09

Meeting ID: 822 0099 2456
Passcode: dYL49y



Thank you for being apart of Therapy Dog Club. We'll see you there!

David Sim 
President - Therapy Dog Club

19-Apr-21 13:27:07:INFO:Starting on email for: Adrian
19-Apr-21 13:27:08:INFO:     Draft saved to Google's servers with id: r-73900878305141326
19-Apr-21 13:27:08:INFO:Email for Adrian has been successfully sent to cchow3786@tcusd.net!
19-Apr-21 13:27:08:INFO:#####
19-Apr-21 13:27:08:INFO:Sending email to: Adrian with the address: cchow3786@tcusd.net
19-Apr-21 13:27:08:INFO:With body content:
Dear Adrian,
 
There are some technical difficulties today and we are running a bit behind schedule. We also have an updated link for you to use. Sorry for the confusion and we will see you there!

The meeting will be next Monday, Apr 19, 2021, at 1:00 PM.



Topic: My Meeting
Time: Apr 19, 2021 01:00 PM Pacific Time (US and Canada)

Join Zoom Meeting
https://us02web.zoom.us/j/82200992456?pwd=bmJWbm5WR3Nhd0dGbHkreGRIeURBQT09

Meeting ID: 822 0099 2456
Passcode: dYL49y



Thank you for being apart of Therapy Dog Club. We'll see you there!

David Sim 
President - Therapy Dog Club

19-Apr-21 14:02:42:INFO:********************************************
19-Apr-21 14:02:42:INFO:Starting Gmail email script...
19-Apr-21 14:02:42:INFO:Token found.
19-Apr-21 14:02:42:INFO:file_cache is only supported with oauth2client<4.0.0
19-Apr-21 14:02:42:INFO:Using sender as: David Sim<dsim4205@tcusd.net>
19-Apr-21 14:02:42:INFO:Max rows is: 23and max column is: 4
19-Apr-21 14:02:42:INFO:Starting on email for: Hailey
19-Apr-21 14:02:43:INFO:     Draft saved to Google's servers with id: r-7944287284989617374
19-Apr-21 14:02:43:INFO:Email for Hailey has been successfully sent to hau3725@tcusd.net!
19-Apr-21 14:02:43:INFO:#####
19-Apr-21 14:02:43:INFO:Sending email to: Hailey with the address: hau3725@tcusd.net
19-Apr-21 14:02:43:INFO:With body content:
Dear Hailey,
 
There are some technical difficulties today and we are running a bit behind schedule. We also have an updated link for you to use. Sorry for the confusion and we will see you there!

The meeting will be next Monday, Apr 19, 2021, at 1:00 PM.



Topic: My Meeting
Time: Apr 19, 2021 01:00 PM Pacific Time (US and Canada)

Join Zoom Meeting
https://us02web.zoom.us/j/82200992456?pwd=bmJWbm5WR3Nhd0dGbHkreGRIeURBQT09

Meeting ID: 822 0099 2456
Passcode: dYL49y



Thank you for being apart of Therapy Dog Club. We'll see you there!

David Sim 
President - Therapy Dog Club

