12-May-21 13:03:51:INFO:********************************************
12-May-21 13:03:51:INFO:Starting Gmail email script...
12-May-21 13:03:51:INFO:Token found.
12-May-21 13:03:55:INFO:file_cache is only supported with oauth2client<4.0.0
12-May-21 13:03:55:INFO:Using sender as: David Sim<dsim4205@tcusd.net>
12-May-21 13:03:55:INFO:Max rows is: 23and max column is: 4
12-May-21 13:03:55:INFO:Starting on email for: Hailey
12-May-21 13:03:56:INFO:     Draft saved to Google's servers with id: r8444384386270408397
12-May-21 13:03:56:INFO:     Draft id: r8444384386270408397 has been sent to hau3725@tcusd.net successfully!
12-May-21 13:03:56:INFO:Email for Hailey has been successfully sent to hau3725@tcusd.net!
12-May-21 13:03:56:INFO:#####
12-May-21 13:03:56:INFO:Sending email to: Hailey with the address: hau3725@tcusd.net
12-May-21 13:03:56:INFO:With body content:
Dear Hailey,
 
There was an error in our previous email. Please use the following link for today's final meeting.


Topic: Savay Lieu's Personal Meeting Room
Join Zoom Meeting
https://us02web.zoom.us/j/4749421865?pwd=N3h2T1VtK2ZYWTY5dGpISnE5VFBRQT09

Meeting ID: 474 942 1865
Passcode: 1rypWN

Thank you for being apart of Therapy Dog Club. We'll see you there!

David Sim 
President - Therapy Dog Club

12-May-21 13:03:57:INFO:Starting on email for: Adrian
12-May-21 13:03:58:INFO:     Draft saved to Google's servers with id: r-105934121297219578
12-May-21 13:03:58:INFO:     Draft id: r-105934121297219578 has been sent to cchow3786@tcusd.net successfully!
12-May-21 13:03:58:INFO:Email for Adrian has been successfully sent to cchow3786@tcusd.net!
12-May-21 13:03:58:INFO:#####
12-May-21 13:03:58:INFO:Sending email to: Adrian with the address: cchow3786@tcusd.net
12-May-21 13:03:58:INFO:With body content:
Dear Adrian,
 
There was an error in our previous email. Please use the following link for today's final meeting.


Topic: Savay Lieu's Personal Meeting Room
Join Zoom Meeting
https://us02web.zoom.us/j/4749421865?pwd=N3h2T1VtK2ZYWTY5dGpISnE5VFBRQT09

Meeting ID: 474 942 1865
Passcode: 1rypWN

Thank you for being apart of Therapy Dog Club. We'll see you there!

David Sim 
President - Therapy Dog Club

12-May-21 13:03:59:INFO:Starting on email for: My Cat
12-May-21 13:04:00:INFO:     Draft saved to Google's servers with id: r6196868031766445314
12-May-21 13:04:00:INFO:     Draft id: r6196868031766445314 has been sent to MDuong0107@tcusd.net successfully!
12-May-21 13:04:00:INFO:Email for My Cat has been successfully sent to MDuong0107@tcusd.net!
12-May-21 13:04:00:INFO:#####
12-May-21 13:04:00:INFO:Sending email to: My Cat with the address: MDuong0107@tcusd.net
12-May-21 13:04:00:INFO:With body content:
Dear My Cat,
 
There was an error in our previous email. Please use the following link for today's final meeting.


Topic: Savay Lieu's Personal Meeting Room
Join Zoom Meeting
https://us02web.zoom.us/j/4749421865?pwd=N3h2T1VtK2ZYWTY5dGpISnE5VFBRQT09

Meeting ID: 474 942 1865
Passcode: 1rypWN

Thank you for being apart of Therapy Dog Club. We'll see you there!

David Sim 
President - Therapy Dog Club

12-May-21 13:04:01:INFO:Starting on email for: Kaylee
12-May-21 13:04:02:INFO:     Draft saved to Google's servers with id: r3258626640080541969
12-May-21 13:04:02:INFO:     Draft id: r3258626640080541969 has been sent to keiber4542@tcusd.net successfully!
12-May-21 13:04:02:INFO:Email for Kaylee has been successfully sent to keiber4542@tcusd.net!
12-May-21 13:04:02:INFO:#####
12-May-21 13:04:02:INFO:Sending email to: Kaylee with the address: keiber4542@tcusd.net
12-May-21 13:04:02:INFO:With body content:
Dear Kaylee,
 
There was an error in our previous email. Please use the following link for today's final meeting.


Topic: Savay Lieu's Personal Meeting Room
Join Zoom Meeting
https://us02web.zoom.us/j/4749421865?pwd=N3h2T1VtK2ZYWTY5dGpISnE5VFBRQT09

Meeting ID: 474 942 1865
Passcode: 1rypWN

Thank you for being apart of Therapy Dog Club. We'll see you there!

David Sim 
President - Therapy Dog Club

12-May-21 13:04:03:INFO:Starting on email for: Stephanie
12-May-21 13:04:04:INFO:     Draft saved to Google's servers with id: r-5616408245091061585
12-May-21 13:04:04:INFO:     Draft id: r-5616408245091061585 has been sent to xhu2863@tcusd.net successfully!
12-May-21 13:04:04:INFO:Email for Stephanie has been successfully sent to xhu2863@tcusd.net!
12-May-21 13:04:04:INFO:#####
12-May-21 13:04:04:INFO:Sending email to: Stephanie with the address: xhu2863@tcusd.net
12-May-21 13:04:04:INFO:With body content:
Dear Stephanie,
 
There was an error in our previous email. Please use the following link for today's final meeting.


Topic: Savay Lieu's Personal Meeting Room
Join Zoom Meeting
https://us02web.zoom.us/j/4749421865?pwd=N3h2T1VtK2ZYWTY5dGpISnE5VFBRQT09

Meeting ID: 474 942 1865
Passcode: 1rypWN

Thank you for being apart of Therapy Dog Club. We'll see you there!

David Sim 
President - Therapy Dog Club

12-May-21 13:04:05:INFO:Starting on email for: Jonathan
12-May-21 13:04:06:INFO:     Draft saved to Google's servers with id: r6212887508243662924
12-May-21 13:04:06:INFO:     Draft id: r6212887508243662924 has been sent to jlee4933@tcusd.net successfully!
12-May-21 13:04:06:INFO:Email for Jonathan has been successfully sent to jlee4933@tcusd.net!
12-May-21 13:04:06:INFO:#####
12-May-21 13:04:06:INFO:Sending email to: Jonathan with the address: jlee4933@tcusd.net
12-May-21 13:04:06:INFO:With body content:
Dear Jonathan,
 
There was an error in our previous email. Please use the following link for today's final meeting.


Topic: Savay Lieu's Personal Meeting Room
Join Zoom Meeting
https://us02web.zoom.us/j/4749421865?pwd=N3h2T1VtK2ZYWTY5dGpISnE5VFBRQT09

Meeting ID: 474 942 1865
Passcode: 1rypWN

Thank you for being apart of Therapy Dog Club. We'll see you there!

David Sim 
President - Therapy Dog Club

12-May-21 13:04:07:INFO:Starting on email for: Jason
12-May-21 13:04:08:INFO:     Draft saved to Google's servers with id: r-7769931967672285171
12-May-21 13:04:08:INFO:     Draft id: r-7769931967672285171 has been sent to jlee3440@tcusd.net successfully!
12-May-21 13:04:08:INFO:Email for Jason has been successfully sent to jlee3440@tcusd.net!
12-May-21 13:04:08:INFO:#####
12-May-21 13:04:08:INFO:Sending email to: Jason with the address: jlee3440@tcusd.net
12-May-21 13:04:08:INFO:With body content:
Dear Jason,
 
There was an error in our previous email. Please use the following link for today's final meeting.


Topic: Savay Lieu's Personal Meeting Room
Join Zoom Meeting
https://us02web.zoom.us/j/4749421865?pwd=N3h2T1VtK2ZYWTY5dGpISnE5VFBRQT09

Meeting ID: 474 942 1865
Passcode: 1rypWN

Thank you for being apart of Therapy Dog Club. We'll see you there!

David Sim 
President - Therapy Dog Club

12-May-21 13:04:09:INFO:Starting on email for: Vicky
12-May-21 13:04:10:INFO:     Draft saved to Google's servers with id: r2354594420655356418
12-May-21 13:04:11:INFO:     Draft id: r2354594420655356418 has been sent to wli4135@tcusd.net successfully!
12-May-21 13:04:11:INFO:Email for Vicky has been successfully sent to wli4135@tcusd.net!
12-May-21 13:04:11:INFO:#####
12-May-21 13:04:11:INFO:Sending email to: Vicky with the address: wli4135@tcusd.net
12-May-21 13:04:11:INFO:With body content:
Dear Vicky,
 
There was an error in our previous email. Please use the following link for today's final meeting.


Topic: Savay Lieu's Personal Meeting Room
Join Zoom Meeting
https://us02web.zoom.us/j/4749421865?pwd=N3h2T1VtK2ZYWTY5dGpISnE5VFBRQT09

Meeting ID: 474 942 1865
Passcode: 1rypWN

Thank you for being apart of Therapy Dog Club. We'll see you there!

David Sim 
President - Therapy Dog Club

12-May-21 13:04:12:INFO:Starting on email for: Jasmine
12-May-21 13:04:12:INFO:     Draft saved to Google's servers with id: r-6666783969053106261
12-May-21 13:04:13:INFO:     Draft id: r-6666783969053106261 has been sent to jliu2788@tcusd.net successfully!
12-May-21 13:04:13:INFO:Email for Jasmine has been successfully sent to jliu2788@tcusd.net!
12-May-21 13:04:13:INFO:#####
12-May-21 13:04:13:INFO:Sending email to: Jasmine with the address: jliu2788@tcusd.net
12-May-21 13:04:13:INFO:With body content:
Dear Jasmine,
 
There was an error in our previous email. Please use the following link for today's final meeting.


Topic: Savay Lieu's Personal Meeting Room
Join Zoom Meeting
https://us02web.zoom.us/j/4749421865?pwd=N3h2T1VtK2ZYWTY5dGpISnE5VFBRQT09

Meeting ID: 474 942 1865
Passcode: 1rypWN

Thank you for being apart of Therapy Dog Club. We'll see you there!

David Sim 
President - Therapy Dog Club

12-May-21 13:04:14:INFO:Starting on email for: Chloe
12-May-21 13:04:14:INFO:     Draft saved to Google's servers with id: r-7952676530841074492
12-May-21 13:04:15:INFO:     Draft id: r-7952676530841074492 has been sent to cluong3964@tcusd.net successfully!
12-May-21 13:04:15:INFO:Email for Chloe has been successfully sent to cluong3964@tcusd.net!
12-May-21 13:04:15:INFO:#####
12-May-21 13:04:15:INFO:Sending email to: Chloe with the address: cluong3964@tcusd.net
12-May-21 13:04:15:INFO:With body content:
Dear Chloe,
 
There was an error in our previous email. Please use the following link for today's final meeting.


Topic: Savay Lieu's Personal Meeting Room
Join Zoom Meeting
https://us02web.zoom.us/j/4749421865?pwd=N3h2T1VtK2ZYWTY5dGpISnE5VFBRQT09

Meeting ID: 474 942 1865
Passcode: 1rypWN

Thank you for being apart of Therapy Dog Club. We'll see you there!

David Sim 
President - Therapy Dog Club

12-May-21 13:04:16:INFO:Starting on email for: Maria
12-May-21 13:04:16:INFO:     Draft saved to Google's servers with id: r6916742680554272933
12-May-21 13:04:17:INFO:     Draft id: r6916742680554272933 has been sent to moceguera0395@tcusd.net successfully!
12-May-21 13:04:17:INFO:Email for Maria has been successfully sent to moceguera0395@tcusd.net!
12-May-21 13:04:17:INFO:#####
12-May-21 13:04:17:INFO:Sending email to: Maria with the address: moceguera0395@tcusd.net
12-May-21 13:04:17:INFO:With body content:
Dear Maria,
 
There was an error in our previous email. Please use the following link for today's final meeting.


Topic: Savay Lieu's Personal Meeting Room
Join Zoom Meeting
https://us02web.zoom.us/j/4749421865?pwd=N3h2T1VtK2ZYWTY5dGpISnE5VFBRQT09

Meeting ID: 474 942 1865
Passcode: 1rypWN

Thank you for being apart of Therapy Dog Club. We'll see you there!

David Sim 
President - Therapy Dog Club

12-May-21 13:04:18:INFO:Starting on email for: Shanon
12-May-21 13:04:18:INFO:     Draft saved to Google's servers with id: r8582907175902162116
12-May-21 13:04:19:INFO:     Draft id: r8582907175902162116 has been sent to span4658@tcusd.net successfully!
12-May-21 13:04:19:INFO:Email for Shanon has been successfully sent to span4658@tcusd.net!
12-May-21 13:04:19:INFO:#####
12-May-21 13:04:19:INFO:Sending email to: Shanon with the address: span4658@tcusd.net
12-May-21 13:04:19:INFO:With body content:
Dear Shanon,
 
There was an error in our previous email. Please use the following link for today's final meeting.


Topic: Savay Lieu's Personal Meeting Room
Join Zoom Meeting
https://us02web.zoom.us/j/4749421865?pwd=N3h2T1VtK2ZYWTY5dGpISnE5VFBRQT09

Meeting ID: 474 942 1865
Passcode: 1rypWN

Thank you for being apart of Therapy Dog Club. We'll see you there!

David Sim 
President - Therapy Dog Club

12-May-21 13:04:20:INFO:Starting on email for: Allison
12-May-21 13:04:20:INFO:     Draft saved to Google's servers with id: r-5821482345929265642
12-May-21 13:04:21:INFO:     Draft id: r-5821482345929265642 has been sent to apan3320@tcusd.net successfully!
12-May-21 13:04:21:INFO:Email for Allison has been successfully sent to apan3320@tcusd.net!
12-May-21 13:04:21:INFO:#####
12-May-21 13:04:21:INFO:Sending email to: Allison with the address: apan3320@tcusd.net
12-May-21 13:04:21:INFO:With body content:
Dear Allison,
 
There was an error in our previous email. Please use the following link for today's final meeting.


Topic: Savay Lieu's Personal Meeting Room
Join Zoom Meeting
https://us02web.zoom.us/j/4749421865?pwd=N3h2T1VtK2ZYWTY5dGpISnE5VFBRQT09

Meeting ID: 474 942 1865
Passcode: 1rypWN

Thank you for being apart of Therapy Dog Club. We'll see you there!

David Sim 
President - Therapy Dog Club

12-May-21 13:04:22:INFO:Starting on email for: Kelly
12-May-21 13:04:22:INFO:     Draft saved to Google's servers with id: r6739503739398477923
12-May-21 13:04:23:INFO:     Draft id: r6739503739398477923 has been sent to kpoplar3228@tcusd.net successfully!
12-May-21 13:04:23:INFO:Email for Kelly has been successfully sent to kpoplar3228@tcusd.net!
12-May-21 13:04:23:INFO:#####
12-May-21 13:04:23:INFO:Sending email to: Kelly with the address: kpoplar3228@tcusd.net
12-May-21 13:04:23:INFO:With body content:
Dear Kelly,
 
There was an error in our previous email. Please use the following link for today's final meeting.


Topic: Savay Lieu's Personal Meeting Room
Join Zoom Meeting
https://us02web.zoom.us/j/4749421865?pwd=N3h2T1VtK2ZYWTY5dGpISnE5VFBRQT09

Meeting ID: 474 942 1865
Passcode: 1rypWN

Thank you for being apart of Therapy Dog Club. We'll see you there!

David Sim 
President - Therapy Dog Club

12-May-21 13:04:24:INFO:Starting on email for: Jaden
12-May-21 13:04:24:INFO:     Draft saved to Google's servers with id: r1106892981326826954
12-May-21 13:04:25:INFO:     Draft id: r1106892981326826954 has been sent to jqueron3535@tcusd.net successfully!
12-May-21 13:04:25:INFO:Email for Jaden has been successfully sent to jqueron3535@tcusd.net!
12-May-21 13:04:25:INFO:#####
12-May-21 13:04:25:INFO:Sending email to: Jaden with the address: jqueron3535@tcusd.net
12-May-21 13:04:25:INFO:With body content:
Dear Jaden,
 
There was an error in our previous email. Please use the following link for today's final meeting.


Topic: Savay Lieu's Personal Meeting Room
Join Zoom Meeting
https://us02web.zoom.us/j/4749421865?pwd=N3h2T1VtK2ZYWTY5dGpISnE5VFBRQT09

Meeting ID: 474 942 1865
Passcode: 1rypWN

Thank you for being apart of Therapy Dog Club. We'll see you there!

David Sim 
President - Therapy Dog Club

12-May-21 13:04:26:INFO:Starting on email for: Jacqueline 
12-May-21 13:04:26:INFO:     Draft saved to Google's servers with id: r8677251395893787143
12-May-21 13:04:27:INFO:     Draft id: r8677251395893787143 has been sent to jreyes1686@tcusd.net successfully!
12-May-21 13:04:27:INFO:Email for Jacqueline  has been successfully sent to jreyes1686@tcusd.net!
12-May-21 13:04:27:INFO:#####
12-May-21 13:04:27:INFO:Sending email to: Jacqueline  with the address: jreyes1686@tcusd.net
12-May-21 13:04:27:INFO:With body content:
Dear Jacqueline ,
 
There was an error in our previous email. Please use the following link for today's final meeting.


Topic: Savay Lieu's Personal Meeting Room
Join Zoom Meeting
https://us02web.zoom.us/j/4749421865?pwd=N3h2T1VtK2ZYWTY5dGpISnE5VFBRQT09

Meeting ID: 474 942 1865
Passcode: 1rypWN

Thank you for being apart of Therapy Dog Club. We'll see you there!

David Sim 
President - Therapy Dog Club

12-May-21 13:04:28:INFO:Starting on email for: Armita
12-May-21 13:04:28:INFO:     Draft saved to Google's servers with id: r3326778068838910008
12-May-21 13:04:29:INFO:     Draft id: r3326778068838910008 has been sent to ashadfar3564@tcusd.net successfully!
12-May-21 13:04:29:INFO:Email for Armita has been successfully sent to ashadfar3564@tcusd.net!
12-May-21 13:04:29:INFO:#####
12-May-21 13:04:29:INFO:Sending email to: Armita with the address: ashadfar3564@tcusd.net
12-May-21 13:04:29:INFO:With body content:
Dear Armita,
 
There was an error in our previous email. Please use the following link for today's final meeting.


Topic: Savay Lieu's Personal Meeting Room
Join Zoom Meeting
https://us02web.zoom.us/j/4749421865?pwd=N3h2T1VtK2ZYWTY5dGpISnE5VFBRQT09

Meeting ID: 474 942 1865
Passcode: 1rypWN

Thank you for being apart of Therapy Dog Club. We'll see you there!

David Sim 
President - Therapy Dog Club

12-May-21 13:04:30:INFO:Starting on email for: Suraj
12-May-21 13:04:30:INFO:     Draft saved to Google's servers with id: r1724046643026232114
12-May-21 13:04:31:INFO:     Draft id: r1724046643026232114 has been sent to sshah4312@tcusd.net successfully!
12-May-21 13:04:31:INFO:Email for Suraj has been successfully sent to sshah4312@tcusd.net!
12-May-21 13:04:31:INFO:#####
12-May-21 13:04:31:INFO:Sending email to: Suraj with the address: sshah4312@tcusd.net
12-May-21 13:04:31:INFO:With body content:
Dear Suraj,
 
There was an error in our previous email. Please use the following link for today's final meeting.


Topic: Savay Lieu's Personal Meeting Room
Join Zoom Meeting
https://us02web.zoom.us/j/4749421865?pwd=N3h2T1VtK2ZYWTY5dGpISnE5VFBRQT09

Meeting ID: 474 942 1865
Passcode: 1rypWN

Thank you for being apart of Therapy Dog Club. We'll see you there!

David Sim 
President - Therapy Dog Club

12-May-21 13:04:32:INFO:Starting on email for: Ashley
12-May-21 13:04:32:INFO:     Draft saved to Google's servers with id: r7816031604571892654
12-May-21 13:04:33:INFO:     Draft id: r7816031604571892654 has been sent to atran3552@tcusd.net  successfully!
12-May-21 13:04:33:INFO:Email for Ashley has been successfully sent to atran3552@tcusd.net !
12-May-21 13:04:33:INFO:#####
12-May-21 13:04:33:INFO:Sending email to: Ashley with the address: atran3552@tcusd.net 
12-May-21 13:04:33:INFO:With body content:
Dear Ashley,
 
There was an error in our previous email. Please use the following link for today's final meeting.


Topic: Savay Lieu's Personal Meeting Room
Join Zoom Meeting
https://us02web.zoom.us/j/4749421865?pwd=N3h2T1VtK2ZYWTY5dGpISnE5VFBRQT09

Meeting ID: 474 942 1865
Passcode: 1rypWN

Thank you for being apart of Therapy Dog Club. We'll see you there!

David Sim 
President - Therapy Dog Club

12-May-21 13:04:34:INFO:Starting on email for: Lauren
12-May-21 13:04:34:INFO:     Draft saved to Google's servers with id: r4633325689361003727
12-May-21 13:04:35:INFO:     Draft id: r4633325689361003727 has been sent to lyoder2789@tcusd.net successfully!
12-May-21 13:04:35:INFO:Email for Lauren has been successfully sent to lyoder2789@tcusd.net!
12-May-21 13:04:35:INFO:#####
12-May-21 13:04:35:INFO:Sending email to: Lauren with the address: lyoder2789@tcusd.net
12-May-21 13:04:35:INFO:With body content:
Dear Lauren,
 
There was an error in our previous email. Please use the following link for today's final meeting.


Topic: Savay Lieu's Personal Meeting Room
Join Zoom Meeting
https://us02web.zoom.us/j/4749421865?pwd=N3h2T1VtK2ZYWTY5dGpISnE5VFBRQT09

Meeting ID: 474 942 1865
Passcode: 1rypWN

Thank you for being apart of Therapy Dog Club. We'll see you there!

David Sim 
President - Therapy Dog Club

12-May-21 13:04:36:INFO:Starting on email for: Anne
12-May-21 13:04:36:INFO:     Draft saved to Google's servers with id: r6749946668882763470
12-May-21 13:04:37:INFO:     Draft id: r6749946668882763470 has been sent to dzhu3885@tcusd.net successfully!
12-May-21 13:04:37:INFO:Email for Anne has been successfully sent to dzhu3885@tcusd.net!
12-May-21 13:04:37:INFO:#####
12-May-21 13:04:37:INFO:Sending email to: Anne with the address: dzhu3885@tcusd.net
12-May-21 13:04:37:INFO:With body content:
Dear Anne,
 
There was an error in our previous email. Please use the following link for today's final meeting.


Topic: Savay Lieu's Personal Meeting Room
Join Zoom Meeting
https://us02web.zoom.us/j/4749421865?pwd=N3h2T1VtK2ZYWTY5dGpISnE5VFBRQT09

Meeting ID: 474 942 1865
Passcode: 1rypWN

Thank you for being apart of Therapy Dog Club. We'll see you there!

David Sim 
President - Therapy Dog Club

12-May-21 13:04:38:INFO:Starting on email for: Nicole
12-May-21 13:04:38:INFO:     Draft saved to Google's servers with id: r-3617252607869067057
12-May-21 13:04:39:INFO:     Draft id: r-3617252607869067057 has been sent to nlee2799@tcusd.net successfully!
12-May-21 13:04:39:INFO:Email for Nicole has been successfully sent to nlee2799@tcusd.net!
12-May-21 13:04:39:INFO:#####
12-May-21 13:04:39:INFO:Sending email to: Nicole with the address: nlee2799@tcusd.net
12-May-21 13:04:39:INFO:With body content:
Dear Nicole,
 
There was an error in our previous email. Please use the following link for today's final meeting.


Topic: Savay Lieu's Personal Meeting Room
Join Zoom Meeting
https://us02web.zoom.us/j/4749421865?pwd=N3h2T1VtK2ZYWTY5dGpISnE5VFBRQT09

Meeting ID: 474 942 1865
Passcode: 1rypWN

Thank you for being apart of Therapy Dog Club. We'll see you there!

David Sim 
President - Therapy Dog Club

12-May-21 13:04:40:INFO:List has been cycled through. Exiting...
