31-Jan-21 17:29:38:INFO:********************************************
31-Jan-21 17:29:38:INFO:Starting Gmail email script...
31-Jan-21 17:29:38:INFO:Token found.
31-Jan-21 17:29:38:WARNING:file_cache is unavailable when using oauth2client >= 4.0.0 or google-auth
Traceback (most recent call last):
  File "/usr/local/lib/python3.8/site-packages/googleapiclient/discovery_cache/file_cache.py", line 33, in <module>
    from oauth2client.contrib.locked_file import LockedFile
ModuleNotFoundError: No module named 'oauth2client.contrib.locked_file'

During handling of the above exception, another exception occurred:

Traceback (most recent call last):
  File "/usr/local/lib/python3.8/site-packages/googleapiclient/discovery_cache/file_cache.py", line 37, in <module>
    from oauth2client.locked_file import LockedFile
ModuleNotFoundError: No module named 'oauth2client.locked_file'

During handling of the above exception, another exception occurred:

Traceback (most recent call last):
  File "/usr/local/lib/python3.8/site-packages/googleapiclient/discovery_cache/__init__.py", line 44, in autodetect
    from . import file_cache
  File "/usr/local/lib/python3.8/site-packages/googleapiclient/discovery_cache/file_cache.py", line 40, in <module>
    raise ImportError(
ImportError: file_cache is unavailable when using oauth2client >= 4.0.0 or google-auth
31-Jan-21 17:29:38:INFO:Using sender as: David Sim<dsim4205@tcusd.net>
31-Jan-21 17:29:38:INFO:Max rows is: 23and max column is: 4
31-Jan-21 17:29:38:INFO:Starting on email for: Hailey
31-Jan-21 17:29:39:INFO:     Draft saved to Google's servers with id: r7879614993534869550
31-Jan-21 17:29:39:INFO:Email for Hailey has been successfully sent to hau3725@tcusd.net!
31-Jan-21 17:29:39:INFO:#####
31-Jan-21 17:29:39:INFO:Sending email to: Hailey with the address: hau3725@tcusd.net
31-Jan-21 17:29:39:INFO:With body content:
Dear Hailey,
 
This is just a reminder to join us next week for another meeting about dogs. We will be exploring how different cultures view dogs and their relationships around the world. We will also be taking our club picture this week right after so you sure don't want to miss this meeting!!

The meeting will be tomorrow, Monday, Feb 1, 2021 at 1:00 PM.

Topic: Savay Lieu's Personal Meeting Room
Join Zoom Meeting
https://us02web.zoom.us/j/4749421865?pwd=N3h2T1VtK2ZYWTY5dGpISnE5VFBRQT09

Meeting ID: 474 942 1865
Passcode: 1rypWN

Thank you for being apart of Therapy Dog Club. We'll see you there!

David Sim 
President - Therapy Dog Club

31-Jan-21 17:29:40:INFO:Starting on email for: Adrian
31-Jan-21 17:29:41:INFO:     Draft saved to Google's servers with id: r7313992703409140053
31-Jan-21 17:29:41:INFO:Email for Adrian has been successfully sent to cchow3786@tcusd.net!
31-Jan-21 17:29:41:INFO:#####
31-Jan-21 17:29:41:INFO:Sending email to: Adrian with the address: cchow3786@tcusd.net
31-Jan-21 17:29:41:INFO:With body content:
Dear Adrian,
 
This is just a reminder to join us next week for another meeting about dogs. We will be exploring how different cultures view dogs and their relationships around the world. We will also be taking our club picture this week right after so you sure don't want to miss this meeting!!

The meeting will be tomorrow, Monday, Feb 1, 2021 at 1:00 PM.

Topic: Savay Lieu's Personal Meeting Room
Join Zoom Meeting
https://us02web.zoom.us/j/4749421865?pwd=N3h2T1VtK2ZYWTY5dGpISnE5VFBRQT09

Meeting ID: 474 942 1865
Passcode: 1rypWN

Thank you for being apart of Therapy Dog Club. We'll see you there!

David Sim 
President - Therapy Dog Club

31-Jan-21 17:29:42:INFO:Starting on email for: My Cat
31-Jan-21 17:29:42:INFO:     Draft saved to Google's servers with id: r7361011670550760441
31-Jan-21 17:29:42:INFO:Email for My Cat has been successfully sent to MDuong0107@tcusd.net!
31-Jan-21 17:29:42:INFO:#####
31-Jan-21 17:29:42:INFO:Sending email to: My Cat with the address: MDuong0107@tcusd.net
31-Jan-21 17:29:42:INFO:With body content:
Dear My Cat,
 
This is just a reminder to join us next week for another meeting about dogs. We will be exploring how different cultures view dogs and their relationships around the world. We will also be taking our club picture this week right after so you sure don't want to miss this meeting!!

The meeting will be tomorrow, Monday, Feb 1, 2021 at 1:00 PM.

Topic: Savay Lieu's Personal Meeting Room
Join Zoom Meeting
https://us02web.zoom.us/j/4749421865?pwd=N3h2T1VtK2ZYWTY5dGpISnE5VFBRQT09

Meeting ID: 474 942 1865
Passcode: 1rypWN

Thank you for being apart of Therapy Dog Club. We'll see you there!

David Sim 
President - Therapy Dog Club

31-Jan-21 17:29:43:INFO:Starting on email for: Kaylee
31-Jan-21 17:29:44:INFO:     Draft saved to Google's servers with id: r4229275154091450710
31-Jan-21 17:29:44:INFO:Email for Kaylee has been successfully sent to keiber4542@tcusd.net!
31-Jan-21 17:29:44:INFO:#####
31-Jan-21 17:29:44:INFO:Sending email to: Kaylee with the address: keiber4542@tcusd.net
31-Jan-21 17:29:44:INFO:With body content:
Dear Kaylee,
 
This is just a reminder to join us next week for another meeting about dogs. We will be exploring how different cultures view dogs and their relationships around the world. We will also be taking our club picture this week right after so you sure don't want to miss this meeting!!

The meeting will be tomorrow, Monday, Feb 1, 2021 at 1:00 PM.

Topic: Savay Lieu's Personal Meeting Room
Join Zoom Meeting
https://us02web.zoom.us/j/4749421865?pwd=N3h2T1VtK2ZYWTY5dGpISnE5VFBRQT09

Meeting ID: 474 942 1865
Passcode: 1rypWN

Thank you for being apart of Therapy Dog Club. We'll see you there!

David Sim 
President - Therapy Dog Club

31-Jan-21 17:29:45:INFO:Starting on email for: Stephanie
31-Jan-21 17:29:45:INFO:     Draft saved to Google's servers with id: r6786387799280270746
31-Jan-21 17:29:45:INFO:Email for Stephanie has been successfully sent to xhu2863@tcusd.net!
31-Jan-21 17:29:45:INFO:#####
31-Jan-21 17:29:45:INFO:Sending email to: Stephanie with the address: xhu2863@tcusd.net
31-Jan-21 17:29:45:INFO:With body content:
Dear Stephanie,
 
This is just a reminder to join us next week for another meeting about dogs. We will be exploring how different cultures view dogs and their relationships around the world. We will also be taking our club picture this week right after so you sure don't want to miss this meeting!!

The meeting will be tomorrow, Monday, Feb 1, 2021 at 1:00 PM.

Topic: Savay Lieu's Personal Meeting Room
Join Zoom Meeting
https://us02web.zoom.us/j/4749421865?pwd=N3h2T1VtK2ZYWTY5dGpISnE5VFBRQT09

Meeting ID: 474 942 1865
Passcode: 1rypWN

Thank you for being apart of Therapy Dog Club. We'll see you there!

David Sim 
President - Therapy Dog Club

31-Jan-21 17:29:46:INFO:Starting on email for: Jonathan
31-Jan-21 17:29:47:INFO:     Draft saved to Google's servers with id: r-4916851604650882747
31-Jan-21 17:29:47:INFO:Email for Jonathan has been successfully sent to jlee4933@tcusd.net!
31-Jan-21 17:29:47:INFO:#####
31-Jan-21 17:29:47:INFO:Sending email to: Jonathan with the address: jlee4933@tcusd.net
31-Jan-21 17:29:47:INFO:With body content:
Dear Jonathan,
 
This is just a reminder to join us next week for another meeting about dogs. We will be exploring how different cultures view dogs and their relationships around the world. We will also be taking our club picture this week right after so you sure don't want to miss this meeting!!

The meeting will be tomorrow, Monday, Feb 1, 2021 at 1:00 PM.

Topic: Savay Lieu's Personal Meeting Room
Join Zoom Meeting
https://us02web.zoom.us/j/4749421865?pwd=N3h2T1VtK2ZYWTY5dGpISnE5VFBRQT09

Meeting ID: 474 942 1865
Passcode: 1rypWN

Thank you for being apart of Therapy Dog Club. We'll see you there!

David Sim 
President - Therapy Dog Club

31-Jan-21 17:29:48:INFO:Starting on email for: Jason
31-Jan-21 17:29:48:INFO:     Draft saved to Google's servers with id: r-8131118020997012548
31-Jan-21 17:29:48:INFO:Email for Jason has been successfully sent to jlee3440@tcusd.net!
31-Jan-21 17:29:48:INFO:#####
31-Jan-21 17:29:48:INFO:Sending email to: Jason with the address: jlee3440@tcusd.net
31-Jan-21 17:29:48:INFO:With body content:
Dear Jason,
 
This is just a reminder to join us next week for another meeting about dogs. We will be exploring how different cultures view dogs and their relationships around the world. We will also be taking our club picture this week right after so you sure don't want to miss this meeting!!

The meeting will be tomorrow, Monday, Feb 1, 2021 at 1:00 PM.

Topic: Savay Lieu's Personal Meeting Room
Join Zoom Meeting
https://us02web.zoom.us/j/4749421865?pwd=N3h2T1VtK2ZYWTY5dGpISnE5VFBRQT09

Meeting ID: 474 942 1865
Passcode: 1rypWN

Thank you for being apart of Therapy Dog Club. We'll see you there!

David Sim 
President - Therapy Dog Club

31-Jan-21 17:29:49:INFO:Starting on email for: Vicky
31-Jan-21 17:29:50:INFO:     Draft saved to Google's servers with id: r-6543895906512470019
31-Jan-21 17:29:50:INFO:Email for Vicky has been successfully sent to wli4135@tcusd.net!
31-Jan-21 17:29:50:INFO:#####
31-Jan-21 17:29:50:INFO:Sending email to: Vicky with the address: wli4135@tcusd.net
31-Jan-21 17:29:50:INFO:With body content:
Dear Vicky,
 
This is just a reminder to join us next week for another meeting about dogs. We will be exploring how different cultures view dogs and their relationships around the world. We will also be taking our club picture this week right after so you sure don't want to miss this meeting!!

The meeting will be tomorrow, Monday, Feb 1, 2021 at 1:00 PM.

Topic: Savay Lieu's Personal Meeting Room
Join Zoom Meeting
https://us02web.zoom.us/j/4749421865?pwd=N3h2T1VtK2ZYWTY5dGpISnE5VFBRQT09

Meeting ID: 474 942 1865
Passcode: 1rypWN

Thank you for being apart of Therapy Dog Club. We'll see you there!

David Sim 
President - Therapy Dog Club

31-Jan-21 17:29:51:INFO:Starting on email for: Jasmine
31-Jan-21 17:29:51:INFO:     Draft saved to Google's servers with id: r-8244336503145371698
31-Jan-21 17:29:51:INFO:Email for Jasmine has been successfully sent to jliu2788@tcusd.net!
31-Jan-21 17:29:51:INFO:#####
31-Jan-21 17:29:51:INFO:Sending email to: Jasmine with the address: jliu2788@tcusd.net
31-Jan-21 17:29:51:INFO:With body content:
Dear Jasmine,
 
This is just a reminder to join us next week for another meeting about dogs. We will be exploring how different cultures view dogs and their relationships around the world. We will also be taking our club picture this week right after so you sure don't want to miss this meeting!!

The meeting will be tomorrow, Monday, Feb 1, 2021 at 1:00 PM.

Topic: Savay Lieu's Personal Meeting Room
Join Zoom Meeting
https://us02web.zoom.us/j/4749421865?pwd=N3h2T1VtK2ZYWTY5dGpISnE5VFBRQT09

Meeting ID: 474 942 1865
Passcode: 1rypWN

Thank you for being apart of Therapy Dog Club. We'll see you there!

David Sim 
President - Therapy Dog Club

31-Jan-21 17:29:52:INFO:Starting on email for: Chloe
31-Jan-21 17:29:52:INFO:     Draft saved to Google's servers with id: r3814105438872082157
31-Jan-21 17:29:52:INFO:Email for Chloe has been successfully sent to cluong3964@tcusd.net!
31-Jan-21 17:29:52:INFO:#####
31-Jan-21 17:29:52:INFO:Sending email to: Chloe with the address: cluong3964@tcusd.net
31-Jan-21 17:29:52:INFO:With body content:
Dear Chloe,
 
This is just a reminder to join us next week for another meeting about dogs. We will be exploring how different cultures view dogs and their relationships around the world. We will also be taking our club picture this week right after so you sure don't want to miss this meeting!!

The meeting will be tomorrow, Monday, Feb 1, 2021 at 1:00 PM.

Topic: Savay Lieu's Personal Meeting Room
Join Zoom Meeting
https://us02web.zoom.us/j/4749421865?pwd=N3h2T1VtK2ZYWTY5dGpISnE5VFBRQT09

Meeting ID: 474 942 1865
Passcode: 1rypWN

Thank you for being apart of Therapy Dog Club. We'll see you there!

David Sim 
President - Therapy Dog Club

31-Jan-21 17:29:53:INFO:Starting on email for: Maria
31-Jan-21 17:29:54:INFO:     Draft saved to Google's servers with id: r8741409912202104567
31-Jan-21 17:29:54:INFO:Email for Maria has been successfully sent to moceguera0395@tcusd.net!
31-Jan-21 17:29:54:INFO:#####
31-Jan-21 17:29:54:INFO:Sending email to: Maria with the address: moceguera0395@tcusd.net
31-Jan-21 17:29:54:INFO:With body content:
Dear Maria,
 
This is just a reminder to join us next week for another meeting about dogs. We will be exploring how different cultures view dogs and their relationships around the world. We will also be taking our club picture this week right after so you sure don't want to miss this meeting!!

The meeting will be tomorrow, Monday, Feb 1, 2021 at 1:00 PM.

Topic: Savay Lieu's Personal Meeting Room
Join Zoom Meeting
https://us02web.zoom.us/j/4749421865?pwd=N3h2T1VtK2ZYWTY5dGpISnE5VFBRQT09

Meeting ID: 474 942 1865
Passcode: 1rypWN

Thank you for being apart of Therapy Dog Club. We'll see you there!

David Sim 
President - Therapy Dog Club

31-Jan-21 17:29:55:INFO:Starting on email for: Shanon
31-Jan-21 17:29:55:INFO:     Draft saved to Google's servers with id: r5321031466821936686
31-Jan-21 17:29:55:INFO:Email for Shanon has been successfully sent to span4658@tcusd.net!
31-Jan-21 17:29:55:INFO:#####
31-Jan-21 17:29:55:INFO:Sending email to: Shanon with the address: span4658@tcusd.net
31-Jan-21 17:29:55:INFO:With body content:
Dear Shanon,
 
This is just a reminder to join us next week for another meeting about dogs. We will be exploring how different cultures view dogs and their relationships around the world. We will also be taking our club picture this week right after so you sure don't want to miss this meeting!!

The meeting will be tomorrow, Monday, Feb 1, 2021 at 1:00 PM.

Topic: Savay Lieu's Personal Meeting Room
Join Zoom Meeting
https://us02web.zoom.us/j/4749421865?pwd=N3h2T1VtK2ZYWTY5dGpISnE5VFBRQT09

Meeting ID: 474 942 1865
Passcode: 1rypWN

Thank you for being apart of Therapy Dog Club. We'll see you there!

David Sim 
President - Therapy Dog Club

31-Jan-21 17:29:56:INFO:Starting on email for: Allison
31-Jan-21 17:29:57:INFO:     Draft saved to Google's servers with id: r-6518629518127565242
31-Jan-21 17:29:57:INFO:Email for Allison has been successfully sent to apan3320@tcusd.net!
31-Jan-21 17:29:57:INFO:#####
31-Jan-21 17:29:57:INFO:Sending email to: Allison with the address: apan3320@tcusd.net
31-Jan-21 17:29:57:INFO:With body content:
Dear Allison,
 
This is just a reminder to join us next week for another meeting about dogs. We will be exploring how different cultures view dogs and their relationships around the world. We will also be taking our club picture this week right after so you sure don't want to miss this meeting!!

The meeting will be tomorrow, Monday, Feb 1, 2021 at 1:00 PM.

Topic: Savay Lieu's Personal Meeting Room
Join Zoom Meeting
https://us02web.zoom.us/j/4749421865?pwd=N3h2T1VtK2ZYWTY5dGpISnE5VFBRQT09

Meeting ID: 474 942 1865
Passcode: 1rypWN

Thank you for being apart of Therapy Dog Club. We'll see you there!

David Sim 
President - Therapy Dog Club

31-Jan-21 17:29:58:INFO:Starting on email for: Kelly
31-Jan-21 17:29:58:INFO:     Draft saved to Google's servers with id: r-1331809736438725161
31-Jan-21 17:29:58:INFO:Email for Kelly has been successfully sent to kpoplar3228@tcusd.net!
31-Jan-21 17:29:58:INFO:#####
31-Jan-21 17:29:58:INFO:Sending email to: Kelly with the address: kpoplar3228@tcusd.net
31-Jan-21 17:29:58:INFO:With body content:
Dear Kelly,
 
This is just a reminder to join us next week for another meeting about dogs. We will be exploring how different cultures view dogs and their relationships around the world. We will also be taking our club picture this week right after so you sure don't want to miss this meeting!!

The meeting will be tomorrow, Monday, Feb 1, 2021 at 1:00 PM.

Topic: Savay Lieu's Personal Meeting Room
Join Zoom Meeting
https://us02web.zoom.us/j/4749421865?pwd=N3h2T1VtK2ZYWTY5dGpISnE5VFBRQT09

Meeting ID: 474 942 1865
Passcode: 1rypWN

Thank you for being apart of Therapy Dog Club. We'll see you there!

David Sim 
President - Therapy Dog Club

31-Jan-21 17:29:59:INFO:Starting on email for: Jaden
31-Jan-21 17:30:00:INFO:     Draft saved to Google's servers with id: r3120033118503050798
31-Jan-21 17:30:00:INFO:Email for Jaden has been successfully sent to jqueron3535@tcusd.net!
31-Jan-21 17:30:00:INFO:#####
31-Jan-21 17:30:00:INFO:Sending email to: Jaden with the address: jqueron3535@tcusd.net
31-Jan-21 17:30:00:INFO:With body content:
Dear Jaden,
 
This is just a reminder to join us next week for another meeting about dogs. We will be exploring how different cultures view dogs and their relationships around the world. We will also be taking our club picture this week right after so you sure don't want to miss this meeting!!

The meeting will be tomorrow, Monday, Feb 1, 2021 at 1:00 PM.

Topic: Savay Lieu's Personal Meeting Room
Join Zoom Meeting
https://us02web.zoom.us/j/4749421865?pwd=N3h2T1VtK2ZYWTY5dGpISnE5VFBRQT09

Meeting ID: 474 942 1865
Passcode: 1rypWN

Thank you for being apart of Therapy Dog Club. We'll see you there!

David Sim 
President - Therapy Dog Club

31-Jan-21 17:30:01:INFO:Starting on email for: Jacqueline 
31-Jan-21 17:30:01:INFO:     Draft saved to Google's servers with id: r4940775685579163792
31-Jan-21 17:30:01:INFO:Email for Jacqueline  has been successfully sent to jreyes1686@tcusd.net!
31-Jan-21 17:30:01:INFO:#####
31-Jan-21 17:30:01:INFO:Sending email to: Jacqueline  with the address: jreyes1686@tcusd.net
31-Jan-21 17:30:01:INFO:With body content:
Dear Jacqueline ,
 
This is just a reminder to join us next week for another meeting about dogs. We will be exploring how different cultures view dogs and their relationships around the world. We will also be taking our club picture this week right after so you sure don't want to miss this meeting!!

The meeting will be tomorrow, Monday, Feb 1, 2021 at 1:00 PM.

Topic: Savay Lieu's Personal Meeting Room
Join Zoom Meeting
https://us02web.zoom.us/j/4749421865?pwd=N3h2T1VtK2ZYWTY5dGpISnE5VFBRQT09

Meeting ID: 474 942 1865
Passcode: 1rypWN

Thank you for being apart of Therapy Dog Club. We'll see you there!

David Sim 
President - Therapy Dog Club

31-Jan-21 17:30:02:INFO:Starting on email for: Armita
31-Jan-21 17:30:03:INFO:     Draft saved to Google's servers with id: r-7229856186685212367
31-Jan-21 17:30:03:INFO:Email for Armita has been successfully sent to ashadfar3564@tcusd.net!
31-Jan-21 17:30:03:INFO:#####
31-Jan-21 17:30:03:INFO:Sending email to: Armita with the address: ashadfar3564@tcusd.net
31-Jan-21 17:30:03:INFO:With body content:
Dear Armita,
 
This is just a reminder to join us next week for another meeting about dogs. We will be exploring how different cultures view dogs and their relationships around the world. We will also be taking our club picture this week right after so you sure don't want to miss this meeting!!

The meeting will be tomorrow, Monday, Feb 1, 2021 at 1:00 PM.

Topic: Savay Lieu's Personal Meeting Room
Join Zoom Meeting
https://us02web.zoom.us/j/4749421865?pwd=N3h2T1VtK2ZYWTY5dGpISnE5VFBRQT09

Meeting ID: 474 942 1865
Passcode: 1rypWN

Thank you for being apart of Therapy Dog Club. We'll see you there!

David Sim 
President - Therapy Dog Club

31-Jan-21 17:30:04:INFO:Starting on email for: Suraj
31-Jan-21 17:30:04:INFO:     Draft saved to Google's servers with id: r-4850102632303178907
31-Jan-21 17:30:04:INFO:Email for Suraj has been successfully sent to sshah4312@tcusd.net!
31-Jan-21 17:30:04:INFO:#####
31-Jan-21 17:30:04:INFO:Sending email to: Suraj with the address: sshah4312@tcusd.net
31-Jan-21 17:30:04:INFO:With body content:
Dear Suraj,
 
This is just a reminder to join us next week for another meeting about dogs. We will be exploring how different cultures view dogs and their relationships around the world. We will also be taking our club picture this week right after so you sure don't want to miss this meeting!!

The meeting will be tomorrow, Monday, Feb 1, 2021 at 1:00 PM.

Topic: Savay Lieu's Personal Meeting Room
Join Zoom Meeting
https://us02web.zoom.us/j/4749421865?pwd=N3h2T1VtK2ZYWTY5dGpISnE5VFBRQT09

Meeting ID: 474 942 1865
Passcode: 1rypWN

Thank you for being apart of Therapy Dog Club. We'll see you there!

David Sim 
President - Therapy Dog Club

31-Jan-21 17:30:05:INFO:Starting on email for: Ashley
31-Jan-21 17:30:06:INFO:     Draft saved to Google's servers with id: r-3720767717655285286
31-Jan-21 17:30:06:INFO:Email for Ashley has been successfully sent to atran3552@tcusd.net !
31-Jan-21 17:30:06:INFO:#####
31-Jan-21 17:30:06:INFO:Sending email to: Ashley with the address: atran3552@tcusd.net 
31-Jan-21 17:30:06:INFO:With body content:
Dear Ashley,
 
This is just a reminder to join us next week for another meeting about dogs. We will be exploring how different cultures view dogs and their relationships around the world. We will also be taking our club picture this week right after so you sure don't want to miss this meeting!!

The meeting will be tomorrow, Monday, Feb 1, 2021 at 1:00 PM.

Topic: Savay Lieu's Personal Meeting Room
Join Zoom Meeting
https://us02web.zoom.us/j/4749421865?pwd=N3h2T1VtK2ZYWTY5dGpISnE5VFBRQT09

Meeting ID: 474 942 1865
Passcode: 1rypWN

Thank you for being apart of Therapy Dog Club. We'll see you there!

David Sim 
President - Therapy Dog Club

31-Jan-21 17:30:07:INFO:Starting on email for: Lauren
31-Jan-21 17:30:07:INFO:     Draft saved to Google's servers with id: r3055070688609283804
31-Jan-21 17:30:07:INFO:Email for Lauren has been successfully sent to lyoder2789@tcusd.net!
31-Jan-21 17:30:07:INFO:#####
31-Jan-21 17:30:07:INFO:Sending email to: Lauren with the address: lyoder2789@tcusd.net
31-Jan-21 17:30:07:INFO:With body content:
Dear Lauren,
 
This is just a reminder to join us next week for another meeting about dogs. We will be exploring how different cultures view dogs and their relationships around the world. We will also be taking our club picture this week right after so you sure don't want to miss this meeting!!

The meeting will be tomorrow, Monday, Feb 1, 2021 at 1:00 PM.

Topic: Savay Lieu's Personal Meeting Room
Join Zoom Meeting
https://us02web.zoom.us/j/4749421865?pwd=N3h2T1VtK2ZYWTY5dGpISnE5VFBRQT09

Meeting ID: 474 942 1865
Passcode: 1rypWN

Thank you for being apart of Therapy Dog Club. We'll see you there!

David Sim 
President - Therapy Dog Club

31-Jan-21 17:30:08:INFO:Starting on email for: Anne
31-Jan-21 17:30:09:INFO:     Draft saved to Google's servers with id: r-964631512244511761
31-Jan-21 17:30:09:INFO:Email for Anne has been successfully sent to dzhu3885@tcusd.net!
31-Jan-21 17:30:09:INFO:#####
31-Jan-21 17:30:09:INFO:Sending email to: Anne with the address: dzhu3885@tcusd.net
31-Jan-21 17:30:09:INFO:With body content:
Dear Anne,
 
This is just a reminder to join us next week for another meeting about dogs. We will be exploring how different cultures view dogs and their relationships around the world. We will also be taking our club picture this week right after so you sure don't want to miss this meeting!!

The meeting will be tomorrow, Monday, Feb 1, 2021 at 1:00 PM.

Topic: Savay Lieu's Personal Meeting Room
Join Zoom Meeting
https://us02web.zoom.us/j/4749421865?pwd=N3h2T1VtK2ZYWTY5dGpISnE5VFBRQT09

Meeting ID: 474 942 1865
Passcode: 1rypWN

Thank you for being apart of Therapy Dog Club. We'll see you there!

David Sim 
President - Therapy Dog Club

31-Jan-21 17:30:10:INFO:Starting on email for: Nicole
31-Jan-21 17:30:10:INFO:     Draft saved to Google's servers with id: r-1450357893674136248
31-Jan-21 17:30:10:INFO:Email for Nicole has been successfully sent to nlee2799@tcusd.net!
31-Jan-21 17:30:10:INFO:#####
31-Jan-21 17:30:10:INFO:Sending email to: Nicole with the address: nlee2799@tcusd.net
31-Jan-21 17:30:10:INFO:With body content:
Dear Nicole,
 
This is just a reminder to join us next week for another meeting about dogs. We will be exploring how different cultures view dogs and their relationships around the world. We will also be taking our club picture this week right after so you sure don't want to miss this meeting!!

The meeting will be tomorrow, Monday, Feb 1, 2021 at 1:00 PM.

Topic: Savay Lieu's Personal Meeting Room
Join Zoom Meeting
https://us02web.zoom.us/j/4749421865?pwd=N3h2T1VtK2ZYWTY5dGpISnE5VFBRQT09

Meeting ID: 474 942 1865
Passcode: 1rypWN

Thank you for being apart of Therapy Dog Club. We'll see you there!

David Sim 
President - Therapy Dog Club

31-Jan-21 17:30:11:INFO:List has been cycled through. Exiting...
31-Jan-21 17:34:05:INFO:********************************************
31-Jan-21 17:34:05:INFO:Starting Gmail email script...
31-Jan-21 17:34:05:INFO:Token found.
31-Jan-21 17:34:05:WARNING:file_cache is unavailable when using oauth2client >= 4.0.0 or google-auth
Traceback (most recent call last):
  File "/usr/local/lib/python3.8/site-packages/googleapiclient/discovery_cache/file_cache.py", line 33, in <module>
    from oauth2client.contrib.locked_file import LockedFile
ModuleNotFoundError: No module named 'oauth2client.contrib.locked_file'

During handling of the above exception, another exception occurred:

Traceback (most recent call last):
  File "/usr/local/lib/python3.8/site-packages/googleapiclient/discovery_cache/file_cache.py", line 37, in <module>
    from oauth2client.locked_file import LockedFile
ModuleNotFoundError: No module named 'oauth2client.locked_file'

During handling of the above exception, another exception occurred:

Traceback (most recent call last):
  File "/usr/local/lib/python3.8/site-packages/googleapiclient/discovery_cache/__init__.py", line 44, in autodetect
    from . import file_cache
  File "/usr/local/lib/python3.8/site-packages/googleapiclient/discovery_cache/file_cache.py", line 40, in <module>
    raise ImportError(
ImportError: file_cache is unavailable when using oauth2client >= 4.0.0 or google-auth
31-Jan-21 17:34:06:INFO:Using sender as: David Sim<dsim4205@tcusd.net>
31-Jan-21 17:34:06:INFO:Max rows is: 23and max column is: 4
31-Jan-21 17:34:06:INFO:Starting on email for: Hailey
31-Jan-21 17:34:06:INFO:     Draft saved to Google's servers with id: r2351636443110524135
31-Jan-21 17:34:07:INFO:     Draft id: r2351636443110524135 has been sent to hau3725@tcusd.net successfully!
31-Jan-21 17:34:07:INFO:Email for Hailey has been successfully sent to hau3725@tcusd.net!
31-Jan-21 17:34:07:INFO:#####
31-Jan-21 17:34:07:INFO:Sending email to: Hailey with the address: hau3725@tcusd.net
31-Jan-21 17:34:07:INFO:With body content:
Dear Hailey,
 
This is just a reminder to join us next week for another meeting about dogs. We will be exploring how different cultures view dogs and their relationships around the world. We will also be taking our club picture this week right after so you sure don't want to miss this meeting!!

The meeting will be tomorrow, Monday, Feb 1, 2021, at 1:00 PM.

Topic: Savay Lieu's Personal Meeting Room
Join Zoom Meeting
https://us02web.zoom.us/j/4749421865?pwd=N3h2T1VtK2ZYWTY5dGpISnE5VFBRQT09

Meeting ID: 474 942 1865
Passcode: 1rypWN

Thank you for being apart of Therapy Dog Club. We'll see you there!

David Sim 
President - Therapy Dog Club

31-Jan-21 17:34:08:INFO:Starting on email for: Adrian
31-Jan-21 17:34:08:INFO:     Draft saved to Google's servers with id: r105461098042557023
31-Jan-21 17:34:09:INFO:     Draft id: r105461098042557023 has been sent to cchow3786@tcusd.net successfully!
31-Jan-21 17:34:09:INFO:Email for Adrian has been successfully sent to cchow3786@tcusd.net!
31-Jan-21 17:34:09:INFO:#####
31-Jan-21 17:34:09:INFO:Sending email to: Adrian with the address: cchow3786@tcusd.net
31-Jan-21 17:34:09:INFO:With body content:
Dear Adrian,
 
This is just a reminder to join us next week for another meeting about dogs. We will be exploring how different cultures view dogs and their relationships around the world. We will also be taking our club picture this week right after so you sure don't want to miss this meeting!!

The meeting will be tomorrow, Monday, Feb 1, 2021, at 1:00 PM.

Topic: Savay Lieu's Personal Meeting Room
Join Zoom Meeting
https://us02web.zoom.us/j/4749421865?pwd=N3h2T1VtK2ZYWTY5dGpISnE5VFBRQT09

Meeting ID: 474 942 1865
Passcode: 1rypWN

Thank you for being apart of Therapy Dog Club. We'll see you there!

David Sim 
President - Therapy Dog Club

31-Jan-21 17:34:10:INFO:Starting on email for: My Cat
31-Jan-21 17:34:10:INFO:     Draft saved to Google's servers with id: r-349760438090672231
31-Jan-21 17:34:11:INFO:     Draft id: r-349760438090672231 has been sent to MDuong0107@tcusd.net successfully!
31-Jan-21 17:34:11:INFO:Email for My Cat has been successfully sent to MDuong0107@tcusd.net!
31-Jan-21 17:34:11:INFO:#####
31-Jan-21 17:34:11:INFO:Sending email to: My Cat with the address: MDuong0107@tcusd.net
31-Jan-21 17:34:11:INFO:With body content:
Dear My Cat,
 
This is just a reminder to join us next week for another meeting about dogs. We will be exploring how different cultures view dogs and their relationships around the world. We will also be taking our club picture this week right after so you sure don't want to miss this meeting!!

The meeting will be tomorrow, Monday, Feb 1, 2021, at 1:00 PM.

Topic: Savay Lieu's Personal Meeting Room
Join Zoom Meeting
https://us02web.zoom.us/j/4749421865?pwd=N3h2T1VtK2ZYWTY5dGpISnE5VFBRQT09

Meeting ID: 474 942 1865
Passcode: 1rypWN

Thank you for being apart of Therapy Dog Club. We'll see you there!

David Sim 
President - Therapy Dog Club

31-Jan-21 17:34:12:INFO:Starting on email for: Kaylee
31-Jan-21 17:34:12:INFO:     Draft saved to Google's servers with id: r-1089292792797538294
31-Jan-21 17:34:13:INFO:     Draft id: r-1089292792797538294 has been sent to keiber4542@tcusd.net successfully!
31-Jan-21 17:34:13:INFO:Email for Kaylee has been successfully sent to keiber4542@tcusd.net!
31-Jan-21 17:34:13:INFO:#####
31-Jan-21 17:34:13:INFO:Sending email to: Kaylee with the address: keiber4542@tcusd.net
31-Jan-21 17:34:13:INFO:With body content:
Dear Kaylee,
 
This is just a reminder to join us next week for another meeting about dogs. We will be exploring how different cultures view dogs and their relationships around the world. We will also be taking our club picture this week right after so you sure don't want to miss this meeting!!

The meeting will be tomorrow, Monday, Feb 1, 2021, at 1:00 PM.

Topic: Savay Lieu's Personal Meeting Room
Join Zoom Meeting
https://us02web.zoom.us/j/4749421865?pwd=N3h2T1VtK2ZYWTY5dGpISnE5VFBRQT09

Meeting ID: 474 942 1865
Passcode: 1rypWN

Thank you for being apart of Therapy Dog Club. We'll see you there!

David Sim 
President - Therapy Dog Club

31-Jan-21 17:34:14:INFO:Starting on email for: Stephanie
31-Jan-21 17:34:14:INFO:     Draft saved to Google's servers with id: r-7411360023433984202
31-Jan-21 17:34:15:INFO:     Draft id: r-7411360023433984202 has been sent to xhu2863@tcusd.net successfully!
31-Jan-21 17:34:15:INFO:Email for Stephanie has been successfully sent to xhu2863@tcusd.net!
31-Jan-21 17:34:15:INFO:#####
31-Jan-21 17:34:15:INFO:Sending email to: Stephanie with the address: xhu2863@tcusd.net
31-Jan-21 17:34:15:INFO:With body content:
Dear Stephanie,
 
This is just a reminder to join us next week for another meeting about dogs. We will be exploring how different cultures view dogs and their relationships around the world. We will also be taking our club picture this week right after so you sure don't want to miss this meeting!!

The meeting will be tomorrow, Monday, Feb 1, 2021, at 1:00 PM.

Topic: Savay Lieu's Personal Meeting Room
Join Zoom Meeting
https://us02web.zoom.us/j/4749421865?pwd=N3h2T1VtK2ZYWTY5dGpISnE5VFBRQT09

Meeting ID: 474 942 1865
Passcode: 1rypWN

Thank you for being apart of Therapy Dog Club. We'll see you there!

David Sim 
President - Therapy Dog Club

31-Jan-21 17:34:16:INFO:Starting on email for: Jonathan
31-Jan-21 17:34:16:INFO:     Draft saved to Google's servers with id: r-5998653063751095172
31-Jan-21 17:34:17:INFO:     Draft id: r-5998653063751095172 has been sent to jlee4933@tcusd.net successfully!
31-Jan-21 17:34:17:INFO:Email for Jonathan has been successfully sent to jlee4933@tcusd.net!
31-Jan-21 17:34:17:INFO:#####
31-Jan-21 17:34:17:INFO:Sending email to: Jonathan with the address: jlee4933@tcusd.net
31-Jan-21 17:34:17:INFO:With body content:
Dear Jonathan,
 
This is just a reminder to join us next week for another meeting about dogs. We will be exploring how different cultures view dogs and their relationships around the world. We will also be taking our club picture this week right after so you sure don't want to miss this meeting!!

The meeting will be tomorrow, Monday, Feb 1, 2021, at 1:00 PM.

Topic: Savay Lieu's Personal Meeting Room
Join Zoom Meeting
https://us02web.zoom.us/j/4749421865?pwd=N3h2T1VtK2ZYWTY5dGpISnE5VFBRQT09

Meeting ID: 474 942 1865
Passcode: 1rypWN

Thank you for being apart of Therapy Dog Club. We'll see you there!

David Sim 
President - Therapy Dog Club

31-Jan-21 17:34:18:INFO:Starting on email for: Jason
31-Jan-21 17:34:18:INFO:     Draft saved to Google's servers with id: r-437734961113565831
31-Jan-21 17:34:19:INFO:     Draft id: r-437734961113565831 has been sent to jlee3440@tcusd.net successfully!
31-Jan-21 17:34:19:INFO:Email for Jason has been successfully sent to jlee3440@tcusd.net!
31-Jan-21 17:34:19:INFO:#####
31-Jan-21 17:34:19:INFO:Sending email to: Jason with the address: jlee3440@tcusd.net
31-Jan-21 17:34:19:INFO:With body content:
Dear Jason,
 
This is just a reminder to join us next week for another meeting about dogs. We will be exploring how different cultures view dogs and their relationships around the world. We will also be taking our club picture this week right after so you sure don't want to miss this meeting!!

The meeting will be tomorrow, Monday, Feb 1, 2021, at 1:00 PM.

Topic: Savay Lieu's Personal Meeting Room
Join Zoom Meeting
https://us02web.zoom.us/j/4749421865?pwd=N3h2T1VtK2ZYWTY5dGpISnE5VFBRQT09

Meeting ID: 474 942 1865
Passcode: 1rypWN

Thank you for being apart of Therapy Dog Club. We'll see you there!

David Sim 
President - Therapy Dog Club

31-Jan-21 17:34:20:INFO:Starting on email for: Vicky
31-Jan-21 17:34:20:INFO:     Draft saved to Google's servers with id: r4092015327446394246
31-Jan-21 17:34:21:INFO:     Draft id: r4092015327446394246 has been sent to wli4135@tcusd.net successfully!
31-Jan-21 17:34:21:INFO:Email for Vicky has been successfully sent to wli4135@tcusd.net!
31-Jan-21 17:34:21:INFO:#####
31-Jan-21 17:34:21:INFO:Sending email to: Vicky with the address: wli4135@tcusd.net
31-Jan-21 17:34:21:INFO:With body content:
Dear Vicky,
 
This is just a reminder to join us next week for another meeting about dogs. We will be exploring how different cultures view dogs and their relationships around the world. We will also be taking our club picture this week right after so you sure don't want to miss this meeting!!

The meeting will be tomorrow, Monday, Feb 1, 2021, at 1:00 PM.

Topic: Savay Lieu's Personal Meeting Room
Join Zoom Meeting
https://us02web.zoom.us/j/4749421865?pwd=N3h2T1VtK2ZYWTY5dGpISnE5VFBRQT09

Meeting ID: 474 942 1865
Passcode: 1rypWN

Thank you for being apart of Therapy Dog Club. We'll see you there!

David Sim 
President - Therapy Dog Club

31-Jan-21 17:34:22:INFO:Starting on email for: Jasmine
31-Jan-21 17:34:22:INFO:     Draft saved to Google's servers with id: r1692153945587370012
31-Jan-21 17:34:22:INFO:     Draft id: r1692153945587370012 has been sent to jliu2788@tcusd.net successfully!
31-Jan-21 17:34:22:INFO:Email for Jasmine has been successfully sent to jliu2788@tcusd.net!
31-Jan-21 17:34:22:INFO:#####
31-Jan-21 17:34:22:INFO:Sending email to: Jasmine with the address: jliu2788@tcusd.net
31-Jan-21 17:34:22:INFO:With body content:
Dear Jasmine,
 
This is just a reminder to join us next week for another meeting about dogs. We will be exploring how different cultures view dogs and their relationships around the world. We will also be taking our club picture this week right after so you sure don't want to miss this meeting!!

The meeting will be tomorrow, Monday, Feb 1, 2021, at 1:00 PM.

Topic: Savay Lieu's Personal Meeting Room
Join Zoom Meeting
https://us02web.zoom.us/j/4749421865?pwd=N3h2T1VtK2ZYWTY5dGpISnE5VFBRQT09

Meeting ID: 474 942 1865
Passcode: 1rypWN

Thank you for being apart of Therapy Dog Club. We'll see you there!

David Sim 
President - Therapy Dog Club

31-Jan-21 17:34:23:INFO:Starting on email for: Chloe
31-Jan-21 17:34:24:INFO:     Draft saved to Google's servers with id: r6483801280914326824
31-Jan-21 17:34:24:INFO:     Draft id: r6483801280914326824 has been sent to cluong3964@tcusd.net successfully!
31-Jan-21 17:34:24:INFO:Email for Chloe has been successfully sent to cluong3964@tcusd.net!
31-Jan-21 17:34:24:INFO:#####
31-Jan-21 17:34:24:INFO:Sending email to: Chloe with the address: cluong3964@tcusd.net
31-Jan-21 17:34:24:INFO:With body content:
Dear Chloe,
 
This is just a reminder to join us next week for another meeting about dogs. We will be exploring how different cultures view dogs and their relationships around the world. We will also be taking our club picture this week right after so you sure don't want to miss this meeting!!

The meeting will be tomorrow, Monday, Feb 1, 2021, at 1:00 PM.

Topic: Savay Lieu's Personal Meeting Room
Join Zoom Meeting
https://us02web.zoom.us/j/4749421865?pwd=N3h2T1VtK2ZYWTY5dGpISnE5VFBRQT09

Meeting ID: 474 942 1865
Passcode: 1rypWN

Thank you for being apart of Therapy Dog Club. We'll see you there!

David Sim 
President - Therapy Dog Club

31-Jan-21 17:34:25:INFO:Starting on email for: Maria
31-Jan-21 17:34:26:INFO:     Draft saved to Google's servers with id: r2231231239061971341
31-Jan-21 17:34:26:INFO:     Draft id: r2231231239061971341 has been sent to moceguera0395@tcusd.net successfully!
31-Jan-21 17:34:26:INFO:Email for Maria has been successfully sent to moceguera0395@tcusd.net!
31-Jan-21 17:34:26:INFO:#####
31-Jan-21 17:34:26:INFO:Sending email to: Maria with the address: moceguera0395@tcusd.net
31-Jan-21 17:34:26:INFO:With body content:
Dear Maria,
 
This is just a reminder to join us next week for another meeting about dogs. We will be exploring how different cultures view dogs and their relationships around the world. We will also be taking our club picture this week right after so you sure don't want to miss this meeting!!

The meeting will be tomorrow, Monday, Feb 1, 2021, at 1:00 PM.

Topic: Savay Lieu's Personal Meeting Room
Join Zoom Meeting
https://us02web.zoom.us/j/4749421865?pwd=N3h2T1VtK2ZYWTY5dGpISnE5VFBRQT09

Meeting ID: 474 942 1865
Passcode: 1rypWN

Thank you for being apart of Therapy Dog Club. We'll see you there!

David Sim 
President - Therapy Dog Club

31-Jan-21 17:34:27:INFO:Starting on email for: Shanon
31-Jan-21 17:34:28:INFO:     Draft saved to Google's servers with id: r-879073621964901526
31-Jan-21 17:34:28:INFO:     Draft id: r-879073621964901526 has been sent to span4658@tcusd.net successfully!
31-Jan-21 17:34:28:INFO:Email for Shanon has been successfully sent to span4658@tcusd.net!
31-Jan-21 17:34:28:INFO:#####
31-Jan-21 17:34:28:INFO:Sending email to: Shanon with the address: span4658@tcusd.net
31-Jan-21 17:34:28:INFO:With body content:
Dear Shanon,
 
This is just a reminder to join us next week for another meeting about dogs. We will be exploring how different cultures view dogs and their relationships around the world. We will also be taking our club picture this week right after so you sure don't want to miss this meeting!!

The meeting will be tomorrow, Monday, Feb 1, 2021, at 1:00 PM.

Topic: Savay Lieu's Personal Meeting Room
Join Zoom Meeting
https://us02web.zoom.us/j/4749421865?pwd=N3h2T1VtK2ZYWTY5dGpISnE5VFBRQT09

Meeting ID: 474 942 1865
Passcode: 1rypWN

Thank you for being apart of Therapy Dog Club. We'll see you there!

David Sim 
President - Therapy Dog Club

31-Jan-21 17:34:29:INFO:Starting on email for: Allison
31-Jan-21 17:34:30:INFO:     Draft saved to Google's servers with id: r-3367839758408896287
31-Jan-21 17:34:30:INFO:     Draft id: r-3367839758408896287 has been sent to apan3320@tcusd.net successfully!
31-Jan-21 17:34:30:INFO:Email for Allison has been successfully sent to apan3320@tcusd.net!
31-Jan-21 17:34:30:INFO:#####
31-Jan-21 17:34:30:INFO:Sending email to: Allison with the address: apan3320@tcusd.net
31-Jan-21 17:34:30:INFO:With body content:
Dear Allison,
 
This is just a reminder to join us next week for another meeting about dogs. We will be exploring how different cultures view dogs and their relationships around the world. We will also be taking our club picture this week right after so you sure don't want to miss this meeting!!

The meeting will be tomorrow, Monday, Feb 1, 2021, at 1:00 PM.

Topic: Savay Lieu's Personal Meeting Room
Join Zoom Meeting
https://us02web.zoom.us/j/4749421865?pwd=N3h2T1VtK2ZYWTY5dGpISnE5VFBRQT09

Meeting ID: 474 942 1865
Passcode: 1rypWN

Thank you for being apart of Therapy Dog Club. We'll see you there!

David Sim 
President - Therapy Dog Club

31-Jan-21 17:34:31:INFO:Starting on email for: Kelly
31-Jan-21 17:34:32:INFO:     Draft saved to Google's servers with id: r5049382094849511788
31-Jan-21 17:34:32:INFO:     Draft id: r5049382094849511788 has been sent to kpoplar3228@tcusd.net successfully!
31-Jan-21 17:34:32:INFO:Email for Kelly has been successfully sent to kpoplar3228@tcusd.net!
31-Jan-21 17:34:32:INFO:#####
31-Jan-21 17:34:32:INFO:Sending email to: Kelly with the address: kpoplar3228@tcusd.net
31-Jan-21 17:34:32:INFO:With body content:
Dear Kelly,
 
This is just a reminder to join us next week for another meeting about dogs. We will be exploring how different cultures view dogs and their relationships around the world. We will also be taking our club picture this week right after so you sure don't want to miss this meeting!!

The meeting will be tomorrow, Monday, Feb 1, 2021, at 1:00 PM.

Topic: Savay Lieu's Personal Meeting Room
Join Zoom Meeting
https://us02web.zoom.us/j/4749421865?pwd=N3h2T1VtK2ZYWTY5dGpISnE5VFBRQT09

Meeting ID: 474 942 1865
Passcode: 1rypWN

Thank you for being apart of Therapy Dog Club. We'll see you there!

David Sim 
President - Therapy Dog Club

31-Jan-21 17:34:33:INFO:Starting on email for: Jaden
31-Jan-21 17:34:34:INFO:     Draft saved to Google's servers with id: r872829103449984265
31-Jan-21 17:34:34:INFO:     Draft id: r872829103449984265 has been sent to jqueron3535@tcusd.net successfully!
31-Jan-21 17:34:34:INFO:Email for Jaden has been successfully sent to jqueron3535@tcusd.net!
31-Jan-21 17:34:34:INFO:#####
31-Jan-21 17:34:34:INFO:Sending email to: Jaden with the address: jqueron3535@tcusd.net
31-Jan-21 17:34:34:INFO:With body content:
Dear Jaden,
 
This is just a reminder to join us next week for another meeting about dogs. We will be exploring how different cultures view dogs and their relationships around the world. We will also be taking our club picture this week right after so you sure don't want to miss this meeting!!

The meeting will be tomorrow, Monday, Feb 1, 2021, at 1:00 PM.

Topic: Savay Lieu's Personal Meeting Room
Join Zoom Meeting
https://us02web.zoom.us/j/4749421865?pwd=N3h2T1VtK2ZYWTY5dGpISnE5VFBRQT09

Meeting ID: 474 942 1865
Passcode: 1rypWN

Thank you for being apart of Therapy Dog Club. We'll see you there!

David Sim 
President - Therapy Dog Club

31-Jan-21 17:34:35:INFO:Starting on email for: Jacqueline 
31-Jan-21 17:34:36:INFO:     Draft saved to Google's servers with id: r-4835833452339320388
31-Jan-21 17:34:36:INFO:     Draft id: r-4835833452339320388 has been sent to jreyes1686@tcusd.net successfully!
31-Jan-21 17:34:36:INFO:Email for Jacqueline  has been successfully sent to jreyes1686@tcusd.net!
31-Jan-21 17:34:36:INFO:#####
31-Jan-21 17:34:36:INFO:Sending email to: Jacqueline  with the address: jreyes1686@tcusd.net
31-Jan-21 17:34:36:INFO:With body content:
Dear Jacqueline ,
 
This is just a reminder to join us next week for another meeting about dogs. We will be exploring how different cultures view dogs and their relationships around the world. We will also be taking our club picture this week right after so you sure don't want to miss this meeting!!

The meeting will be tomorrow, Monday, Feb 1, 2021, at 1:00 PM.

Topic: Savay Lieu's Personal Meeting Room
Join Zoom Meeting
https://us02web.zoom.us/j/4749421865?pwd=N3h2T1VtK2ZYWTY5dGpISnE5VFBRQT09

Meeting ID: 474 942 1865
Passcode: 1rypWN

Thank you for being apart of Therapy Dog Club. We'll see you there!

David Sim 
President - Therapy Dog Club

31-Jan-21 17:34:37:INFO:Starting on email for: Armita
31-Jan-21 17:34:38:INFO:     Draft saved to Google's servers with id: r6044246562304839490
31-Jan-21 17:34:38:INFO:     Draft id: r6044246562304839490 has been sent to ashadfar3564@tcusd.net successfully!
31-Jan-21 17:34:38:INFO:Email for Armita has been successfully sent to ashadfar3564@tcusd.net!
31-Jan-21 17:34:38:INFO:#####
31-Jan-21 17:34:38:INFO:Sending email to: Armita with the address: ashadfar3564@tcusd.net
31-Jan-21 17:34:38:INFO:With body content:
Dear Armita,
 
This is just a reminder to join us next week for another meeting about dogs. We will be exploring how different cultures view dogs and their relationships around the world. We will also be taking our club picture this week right after so you sure don't want to miss this meeting!!

The meeting will be tomorrow, Monday, Feb 1, 2021, at 1:00 PM.

Topic: Savay Lieu's Personal Meeting Room
Join Zoom Meeting
https://us02web.zoom.us/j/4749421865?pwd=N3h2T1VtK2ZYWTY5dGpISnE5VFBRQT09

Meeting ID: 474 942 1865
Passcode: 1rypWN

Thank you for being apart of Therapy Dog Club. We'll see you there!

David Sim 
President - Therapy Dog Club

31-Jan-21 17:34:39:INFO:Starting on email for: Suraj
31-Jan-21 17:34:40:INFO:     Draft saved to Google's servers with id: r8863035615281123815
31-Jan-21 17:34:40:INFO:     Draft id: r8863035615281123815 has been sent to sshah4312@tcusd.net successfully!
31-Jan-21 17:34:40:INFO:Email for Suraj has been successfully sent to sshah4312@tcusd.net!
31-Jan-21 17:34:40:INFO:#####
31-Jan-21 17:34:40:INFO:Sending email to: Suraj with the address: sshah4312@tcusd.net
31-Jan-21 17:34:40:INFO:With body content:
Dear Suraj,
 
This is just a reminder to join us next week for another meeting about dogs. We will be exploring how different cultures view dogs and their relationships around the world. We will also be taking our club picture this week right after so you sure don't want to miss this meeting!!

The meeting will be tomorrow, Monday, Feb 1, 2021, at 1:00 PM.

Topic: Savay Lieu's Personal Meeting Room
Join Zoom Meeting
https://us02web.zoom.us/j/4749421865?pwd=N3h2T1VtK2ZYWTY5dGpISnE5VFBRQT09

Meeting ID: 474 942 1865
Passcode: 1rypWN

Thank you for being apart of Therapy Dog Club. We'll see you there!

David Sim 
President - Therapy Dog Club

31-Jan-21 17:34:41:INFO:Starting on email for: Ashley
31-Jan-21 17:34:42:INFO:     Draft saved to Google's servers with id: r4620676281293283538
31-Jan-21 17:34:42:INFO:     Draft id: r4620676281293283538 has been sent to atran3552@tcusd.net  successfully!
31-Jan-21 17:34:42:INFO:Email for Ashley has been successfully sent to atran3552@tcusd.net !
31-Jan-21 17:34:42:INFO:#####
31-Jan-21 17:34:42:INFO:Sending email to: Ashley with the address: atran3552@tcusd.net 
31-Jan-21 17:34:42:INFO:With body content:
Dear Ashley,
 
This is just a reminder to join us next week for another meeting about dogs. We will be exploring how different cultures view dogs and their relationships around the world. We will also be taking our club picture this week right after so you sure don't want to miss this meeting!!

The meeting will be tomorrow, Monday, Feb 1, 2021, at 1:00 PM.

Topic: Savay Lieu's Personal Meeting Room
Join Zoom Meeting
https://us02web.zoom.us/j/4749421865?pwd=N3h2T1VtK2ZYWTY5dGpISnE5VFBRQT09

Meeting ID: 474 942 1865
Passcode: 1rypWN

Thank you for being apart of Therapy Dog Club. We'll see you there!

David Sim 
President - Therapy Dog Club

31-Jan-21 17:34:43:INFO:Starting on email for: Lauren
31-Jan-21 17:34:44:INFO:     Draft saved to Google's servers with id: r-1587189129918246574
31-Jan-21 17:34:44:INFO:     Draft id: r-1587189129918246574 has been sent to lyoder2789@tcusd.net successfully!
31-Jan-21 17:34:44:INFO:Email for Lauren has been successfully sent to lyoder2789@tcusd.net!
31-Jan-21 17:34:44:INFO:#####
31-Jan-21 17:34:44:INFO:Sending email to: Lauren with the address: lyoder2789@tcusd.net
31-Jan-21 17:34:44:INFO:With body content:
Dear Lauren,
 
This is just a reminder to join us next week for another meeting about dogs. We will be exploring how different cultures view dogs and their relationships around the world. We will also be taking our club picture this week right after so you sure don't want to miss this meeting!!

The meeting will be tomorrow, Monday, Feb 1, 2021, at 1:00 PM.

Topic: Savay Lieu's Personal Meeting Room
Join Zoom Meeting
https://us02web.zoom.us/j/4749421865?pwd=N3h2T1VtK2ZYWTY5dGpISnE5VFBRQT09

Meeting ID: 474 942 1865
Passcode: 1rypWN

Thank you for being apart of Therapy Dog Club. We'll see you there!

David Sim 
President - Therapy Dog Club

31-Jan-21 17:34:45:INFO:Starting on email for: Anne
31-Jan-21 17:34:46:INFO:     Draft saved to Google's servers with id: r-8845682609253027856
31-Jan-21 17:34:46:INFO:     Draft id: r-8845682609253027856 has been sent to dzhu3885@tcusd.net successfully!
31-Jan-21 17:34:46:INFO:Email for Anne has been successfully sent to dzhu3885@tcusd.net!
31-Jan-21 17:34:46:INFO:#####
31-Jan-21 17:34:46:INFO:Sending email to: Anne with the address: dzhu3885@tcusd.net
31-Jan-21 17:34:46:INFO:With body content:
Dear Anne,
 
This is just a reminder to join us next week for another meeting about dogs. We will be exploring how different cultures view dogs and their relationships around the world. We will also be taking our club picture this week right after so you sure don't want to miss this meeting!!

The meeting will be tomorrow, Monday, Feb 1, 2021, at 1:00 PM.

Topic: Savay Lieu's Personal Meeting Room
Join Zoom Meeting
https://us02web.zoom.us/j/4749421865?pwd=N3h2T1VtK2ZYWTY5dGpISnE5VFBRQT09

Meeting ID: 474 942 1865
Passcode: 1rypWN

Thank you for being apart of Therapy Dog Club. We'll see you there!

David Sim 
President - Therapy Dog Club

31-Jan-21 17:34:47:INFO:Starting on email for: Nicole
31-Jan-21 17:34:48:INFO:     Draft saved to Google's servers with id: r-2002342344433334
31-Jan-21 17:34:48:INFO:     Draft id: r-2002342344433334 has been sent to nlee2799@tcusd.net successfully!
31-Jan-21 17:34:48:INFO:Email for Nicole has been successfully sent to nlee2799@tcusd.net!
31-Jan-21 17:34:48:INFO:#####
31-Jan-21 17:34:48:INFO:Sending email to: Nicole with the address: nlee2799@tcusd.net
31-Jan-21 17:34:48:INFO:With body content:
Dear Nicole,
 
This is just a reminder to join us next week for another meeting about dogs. We will be exploring how different cultures view dogs and their relationships around the world. We will also be taking our club picture this week right after so you sure don't want to miss this meeting!!

The meeting will be tomorrow, Monday, Feb 1, 2021, at 1:00 PM.

Topic: Savay Lieu's Personal Meeting Room
Join Zoom Meeting
https://us02web.zoom.us/j/4749421865?pwd=N3h2T1VtK2ZYWTY5dGpISnE5VFBRQT09

Meeting ID: 474 942 1865
Passcode: 1rypWN

Thank you for being apart of Therapy Dog Club. We'll see you there!

David Sim 
President - Therapy Dog Club

31-Jan-21 17:34:49:INFO:List has been cycled through. Exiting...
